<?xml version="1.0" encoding="utf-8"?>
<CoverageSession xmlns:xsd="http://www.w3.org/2001/XMLSchema" xmlns:xsi="http://www.w3.org/2001/XMLSchema-instance" Version="4.7.922.0">
  <Summary numSequencePoints="1741" visitedSequencePoints="1710" numBranchPoints="499" visitedBranchPoints="447" sequenceCoverage="98.22" branchCoverage="89.58" maxCyclomaticComplexity="16" minCyclomaticComplexity="1" maxCrapScore="16" minCrapScore="1" visitedClasses="70" numClasses="73" visitedMethods="319" numMethods="323" />
  <Modules>
    <Module skippedDueTo="Filter" hash="0C-CB-87-9A-7C-B9-E6-42-79-9B-98-9D-5A-46-02-8B-86-14-94-B4">
      <ModulePath>C:\WINDOWS\Microsoft.Net\assembly\GAC_32\mscorlib\v4.0_4.0.0.0__b77a5c561934e089\mscorlib.dll</ModulePath>
      <ModuleTime>2021-02-09T23:13:42Z</ModuleTime>
      <ModuleName>mscorlib</ModuleName>
      <Classes />
    </Module>
    <Module skippedDueTo="MissingPdb" hash="49-4E-82-3B-4F-94-78-18-7D-52-CC-26-F5-42-7F-CF-2F-CF-15-1E">
      <ModulePath>C:\Program Files (x86)\Microsoft Visual Studio\2019\Community\Common7\IDE\CommonExtensions\Microsoft\TestWindow\vstest.console.exe</ModulePath>
      <ModuleTime>2021-03-28T00:50:49.5277938Z</ModuleTime>
      <ModuleName>vstest.console</ModuleName>
      <Classes />
    </Module>
    <Module skippedDueTo="MissingPdb" hash="5D-BE-82-EB-7D-6D-FC-6E-69-1A-84-EE-0A-E2-33-66-10-66-11-5F">
      <ModulePath>C:\Program Files (x86)\Microsoft Visual Studio\2019\Community\Common7\IDE\Extensions\TestPlatform\vstest.console.exe</ModulePath>
      <ModuleTime>2021-03-28T00:50:51.6212364Z</ModuleTime>
      <ModuleName>vstest.console</ModuleName>
      <Classes />
    </Module>
    <Module skippedDueTo="MissingPdb" hash="B0-1D-11-C8-45-BB-FD-97-80-70-09-79-29-09-1B-85-E8-F1-E3-9B">
      <ModulePath>C:\Program Files (x86)\Microsoft Visual Studio\2019\Community\Common7\IDE\Extensions\TestPlatform\Microsoft.TestPlatform.CoreUtilities.dll</ModulePath>
      <ModuleTime>2021-03-28T00:50:51.1793435Z</ModuleTime>
      <ModuleName>Microsoft.TestPlatform.CoreUtilities</ModuleName>
      <Classes />
    </Module>
    <Module skippedDueTo="Filter" hash="3E-65-A2-05-7C-67-F0-C6-A0-B8-F5-C9-09-73-B6-EC-86-B4-9C-58">
      <ModulePath>C:\WINDOWS\Microsoft.Net\assembly\GAC_MSIL\System\v4.0_4.0.0.0__b77a5c561934e089\System.dll</ModulePath>
      <ModuleTime>2020-10-08T02:21:33.8194762Z</ModuleTime>
      <ModuleName>System</ModuleName>
      <Classes />
    </Module>
    <Module skippedDueTo="MissingPdb" hash="2B-D8-1B-E2-B1-C2-C2-E0-FB-03-D5-2E-4E-D6-E0-F1-63-4F-ED-3E">
      <ModulePath>C:\Program Files (x86)\Microsoft Visual Studio\2019\Community\Common7\IDE\Extensions\TestPlatform\Microsoft.VisualStudio.TestPlatform.ObjectModel.dll</ModulePath>
      <ModuleTime>2021-03-28T00:50:51.3690885Z</ModuleTime>
      <ModuleName>Microsoft.VisualStudio.TestPlatform.ObjectModel</ModuleName>
      <Classes />
    </Module>
    <Module skippedDueTo="MissingPdb" hash="E8-07-22-50-29-04-B6-B7-45-36-2B-E5-21-05-4E-FE-52-0E-C7-22">
      <ModulePath>C:\Program Files (x86)\Microsoft Visual Studio\2019\Community\Common7\IDE\Extensions\TestPlatform\Microsoft.VisualStudio.TestPlatform.Client.dll</ModulePath>
      <ModuleTime>2021-03-28T00:50:51.3610734Z</ModuleTime>
      <ModuleName>Microsoft.VisualStudio.TestPlatform.Client</ModuleName>
      <Classes />
    </Module>
    <Module skippedDueTo="MissingPdb" hash="99-03-75-6F-75-B3-19-64-19-D3-F7-7B-F9-F7-69-DC-2C-8F-FF-0A">
      <ModulePath>C:\Program Files (x86)\Microsoft Visual Studio\2019\Community\Common7\IDE\Extensions\TestPlatform\Microsoft.VisualStudio.TestPlatform.Common.dll</ModulePath>
      <ModuleTime>2021-03-28T00:50:51.365082Z</ModuleTime>
      <ModuleName>Microsoft.VisualStudio.TestPlatform.Common</ModuleName>
      <Classes />
    </Module>
    <Module skippedDueTo="Filter" hash="5C-4C-90-3F-55-6E-81-66-3D-10-B6-6C-7F-81-83-AA-B2-66-9C-E4">
      <ModulePath>C:\WINDOWS\Microsoft.Net\assembly\GAC_MSIL\System.Core\v4.0_4.0.0.0__b77a5c561934e089\System.Core.dll</ModulePath>
      <ModuleTime>2021-02-09T23:13:40.5754059Z</ModuleTime>
      <ModuleName>System.Core</ModuleName>
      <Classes />
    </Module>
    <Module skippedDueTo="MissingPdb" hash="64-E6-22-2C-D6-12-DF-2F-B3-1F-72-C6-52-A8-77-60-67-47-03-6F">
      <ModulePath>C:\Program Files (x86)\Microsoft Visual Studio\2019\Community\Common7\IDE\Extensions\TestPlatform\ja\vstest.console.resources.dll</ModulePath>
      <ModuleTime>2021-03-28T00:50:51.1012174Z</ModuleTime>
      <ModuleName>vstest.console.resources</ModuleName>
      <Classes />
    </Module>
    <Module skippedDueTo="MissingPdb" hash="73-F1-38-4C-38-29-D5-A6-75-E6-EA-35-90-F6-24-F4-E1-63-41-7D">
      <ModulePath>C:\Program Files (x86)\Microsoft Visual Studio\2019\Community\Common7\IDE\Extensions\TestPlatform\Microsoft.TestPlatform.PlatformAbstractions.dll</ModulePath>
      <ModuleTime>2021-03-28T00:50:51.1793435Z</ModuleTime>
      <ModuleName>Microsoft.TestPlatform.PlatformAbstractions</ModuleName>
      <Classes />
    </Module>
    <Module skippedDueTo="Filter" hash="DA-72-DA-8C-56-D2-30-3A-A5-9C-B3-A9-A9-6F-D8-2F-60-43-B5-A9">
      <ModulePath>C:\WINDOWS\Microsoft.Net\assembly\GAC_MSIL\System.Xml\v4.0_4.0.0.0__b77a5c561934e089\System.Xml.dll</ModulePath>
      <ModuleTime>2019-12-07T09:10:37.7737543Z</ModuleTime>
      <ModuleName>System.Xml</ModuleName>
      <Classes />
    </Module>
    <Module skippedDueTo="MissingPdb" hash="96-EA-EF-13-82-BE-25-8E-11-2A-0F-20-04-BF-1F-89-70-5F-DF-D9">
      <ModulePath>C:\Program Files (x86)\Microsoft Visual Studio\2019\Community\Common7\IDE\Extensions\TestPlatform\Microsoft.TestPlatform.Utilities.dll</ModulePath>
      <ModuleTime>2021-03-28T00:50:51.1793435Z</ModuleTime>
      <ModuleName>Microsoft.TestPlatform.Utilities</ModuleName>
      <Classes />
    </Module>
    <Module skippedDueTo="MissingPdb" hash="80-91-72-00-BE-FA-61-CA-EB-48-F5-FE-C2-FA-FE-90-6B-0E-F5-E8">
      <ModulePath>C:\Program Files (x86)\Microsoft Visual Studio\2019\Community\Common7\IDE\Extensions\TestPlatform\NuGet.Frameworks.dll</ModulePath>
      <ModuleTime>2021-03-28T00:50:51.4505295Z</ModuleTime>
      <ModuleName>NuGet.Frameworks</ModuleName>
      <Classes />
    </Module>
    <Module skippedDueTo="Filter" hash="C8-2E-64-82-9F-3E-E5-68-28-EC-A3-5B-05-18-0A-CC-70-C1-0D-04">
      <ModulePath>C:\WINDOWS\Microsoft.Net\assembly\GAC_MSIL\System.Configuration\v4.0_4.0.0.0__b03f5f7f11d50a3a\System.Configuration.dll</ModulePath>
      <ModuleTime>2020-06-05T05:04:05.335002Z</ModuleTime>
      <ModuleName>System.Configuration</ModuleName>
      <Classes />
    </Module>
    <Module skippedDueTo="MissingPdb" hash="21-A3-50-7A-BB-F9-3B-97-D0-86-7E-29-16-61-36-5D-B1-E9-BA-8A">
      <ModulePath>C:\Program Files (x86)\Microsoft Visual Studio\2019\Community\Common7\IDE\Extensions\TestPlatform\Microsoft.Extensions.FileSystemGlobbing.dll</ModulePath>
      <ModuleTime>2021-03-28T00:50:51.1324676Z</ModuleTime>
      <ModuleName>Microsoft.Extensions.FileSystemGlobbing</ModuleName>
      <Classes />
    </Module>
    <Module skippedDueTo="MissingPdb" hash="C0-0B-81-CA-90-7C-D2-CE-7B-E3-A6-2A-20-A1-F2-68-B7-5C-FD-9D">
      <ModulePath>C:\Program Files (x86)\Microsoft Visual Studio\2019\Community\Common7\IDE\Extensions\TestPlatform\Microsoft.TestPlatform.CrossPlatEngine.dll</ModulePath>
      <ModuleTime>2021-03-28T00:50:51.1793435Z</ModuleTime>
      <ModuleName>Microsoft.TestPlatform.CrossPlatEngine</ModuleName>
      <Classes />
    </Module>
    <Module skippedDueTo="MissingPdb" hash="EA-87-1C-86-D2-F4-F9-2C-B3-F4-9C-0B-22-32-7A-5F-BA-BD-6E-45">
      <ModulePath>C:\Program Files (x86)\Microsoft Visual Studio\2019\Community\Common7\IDE\Extensions\TestPlatform\Extensions\Microsoft.TestPlatform.Extensions.BlameDataCollector.dll</ModulePath>
      <ModuleTime>2021-03-28T00:50:50.8043431Z</ModuleTime>
      <ModuleName>Microsoft.TestPlatform.Extensions.BlameDataCollector</ModuleName>
      <Classes />
    </Module>
    <Module skippedDueTo="MissingPdb" hash="0D-3B-0E-19-DD-C3-A1-90-2F-80-91-D0-C3-AA-FC-BB-A9-80-A4-F0">
      <ModulePath>C:\Program Files (x86)\Microsoft Visual Studio\2019\Community\Common7\IDE\Extensions\TestPlatform\Extensions\Microsoft.TestPlatform.Extensions.EventLogCollector.dll</ModulePath>
      <ModuleTime>2021-03-28T00:50:50.8043431Z</ModuleTime>
      <ModuleName>Microsoft.TestPlatform.Extensions.EventLogCollector</ModuleName>
      <Classes />
    </Module>
    <Module skippedDueTo="MissingPdb" hash="21-52-D0-BC-A4-C3-8B-E4-04-BB-A7-9A-4B-BD-A8-16-65-0E-CF-9D">
      <ModulePath>C:\Program Files (x86)\Microsoft Visual Studio\2019\Community\Common7\IDE\Extensions\TestPlatform\Extensions\Microsoft.TestPlatform.TestHostRuntimeProvider.dll</ModulePath>
      <ModuleTime>2021-03-28T00:50:50.8199678Z</ModuleTime>
      <ModuleName>Microsoft.TestPlatform.TestHostRuntimeProvider</ModuleName>
      <Classes />
    </Module>
    <Module skippedDueTo="MissingPdb" hash="FA-8E-F8-4F-8A-52-33-DA-6B-2F-A3-2C-3C-1B-4E-07-AF-2F-98-EB">
      <ModulePath>C:\Program Files (x86)\Microsoft Visual Studio\2019\Community\Common7\IDE\Extensions\TestPlatform\Microsoft.VisualStudio.ArchitectureTools.PEReader.dll</ModulePath>
      <ModuleTime>2021-03-28T00:50:51.2064309Z</ModuleTime>
      <ModuleName>Microsoft.VisualStudio.ArchitectureTools.PEReader</ModuleName>
      <Classes />
    </Module>
    <Module skippedDueTo="MissingPdb" hash="03-D6-97-A1-01-00-DE-D5-03-66-8C-40-7E-42-5D-F3-AC-CE-55-9A">
      <ModulePath>C:\Program Files (x86)\Microsoft Visual Studio\2019\Community\Common7\IDE\Extensions\TestPlatform\Extensions\Microsoft.VisualStudio.Coverage.Interprocess.dll</ModulePath>
      <ModuleTime>2021-03-28T00:50:50.8355905Z</ModuleTime>
      <ModuleName>Microsoft.VisualStudio.Coverage.Interprocess</ModuleName>
      <Classes />
    </Module>
    <Module skippedDueTo="MissingPdb" hash="71-9B-E1-F7-A6-9B-DF-45-0F-84-65-68-DE-9E-87-26-B2-3F-51-B1">
      <ModulePath>C:\WINDOWS\Microsoft.Net\assembly\GAC_MSIL\netstandard\v4.0_2.0.0.0__cc7b13ffcd2ddd51\netstandard.dll</ModulePath>
      <ModuleTime>2019-12-07T09:10:37.6330785Z</ModuleTime>
      <ModuleName>netstandard</ModuleName>
      <Classes />
    </Module>
    <Module skippedDueTo="Filter" hash="CB-B7-79-D9-D0-BA-D8-BA-DC-70-6A-78-02-70-E8-93-9F-91-99-5E">
      <ModulePath>C:\WINDOWS\Microsoft.Net\assembly\GAC_MSIL\System.ValueTuple\v4.0_4.0.0.0__cc7b13ffcd2ddd51\System.ValueTuple.dll</ModulePath>
      <ModuleTime>2019-12-07T09:10:37.742541Z</ModuleTime>
      <ModuleName>System.ValueTuple</ModuleName>
      <Classes />
    </Module>
    <Module skippedDueTo="MissingPdb" hash="F8-18-82-CA-87-16-C9-D6-2A-7A-F4-61-C0-AB-9D-B7-BA-41-9B-39">
      <ModulePath>C:\Program Files (x86)\Microsoft Visual Studio\2019\Community\Common7\IDE\Extensions\TestPlatform\Extensions\Microsoft.VisualStudio.TestPlatform.Extensions.CodedWebTestAdapter.dll</ModulePath>
      <ModuleTime>2021-03-28T00:50:50.8355905Z</ModuleTime>
      <ModuleName>Microsoft.VisualStudio.TestPlatform.Extensions.CodedWebTestAdapter</ModuleName>
      <Classes />
    </Module>
    <Module skippedDueTo="MissingPdb" hash="4C-71-60-5D-F3-F6-08-6E-C3-05-83-42-48-52-FA-8A-41-ED-5E-15">
      <ModulePath>C:\Program Files (x86)\Microsoft Visual Studio\2019\Community\Common7\IDE\Extensions\TestPlatform\Extensions\Microsoft.VisualStudio.TestPlatform.Extensions.TmiAdapter.dll</ModulePath>
      <ModuleTime>2021-03-28T00:50:50.8355905Z</ModuleTime>
      <ModuleName>Microsoft.VisualStudio.TestPlatform.Extensions.TmiAdapter</ModuleName>
      <Classes />
    </Module>
    <Module skippedDueTo="MissingPdb" hash="EC-5E-84-0E-D8-0C-4B-85-7C-4E-FA-D7-67-BB-E0-55-B4-D6-A4-CB">
      <ModulePath>C:\Program Files (x86)\Microsoft Visual Studio\2019\Community\Common7\IDE\Extensions\TestPlatform\Microsoft.VisualStudio.QualityTools.Common.dll</ModulePath>
      <ModuleTime>2021-03-28T00:50:51.2509299Z</ModuleTime>
      <ModuleName>Microsoft.VisualStudio.QualityTools.Common</ModuleName>
      <Classes />
    </Module>
    <Module skippedDueTo="MissingPdb" hash="0B-2B-E0-E0-17-A0-D0-3C-9F-EE-36-5F-4A-F0-E9-F5-57-72-68-0A">
      <ModulePath>C:\Program Files (x86)\Microsoft Visual Studio\2019\Community\Common7\IDE\Extensions\TestPlatform\Extensions\Microsoft.VisualStudio.TestPlatform.Extensions.GenericTestAdapter.dll</ModulePath>
      <ModuleTime>2021-03-28T00:50:50.8355905Z</ModuleTime>
      <ModuleName>Microsoft.VisualStudio.TestPlatform.Extensions.GenericTestAdapter</ModuleName>
      <Classes />
    </Module>
    <Module skippedDueTo="MissingPdb" hash="0F-A7-8D-70-86-EE-A2-C6-16-94-9E-D9-F1-5D-6B-8D-87-D6-27-7B">
      <ModulePath>C:\Program Files (x86)\Microsoft Visual Studio\2019\Community\Common7\IDE\Extensions\TestPlatform\Extensions\Microsoft.VisualStudio.TestPlatform.Extensions.Html.TestLogger.dll</ModulePath>
      <ModuleTime>2021-03-28T00:50:50.8355905Z</ModuleTime>
      <ModuleName>Microsoft.VisualStudio.TestPlatform.Extensions.Html.TestLogger</ModuleName>
      <Classes />
    </Module>
    <Module skippedDueTo="MissingPdb" hash="C2-C6-E7-E1-FF-A1-01-57-F2-B2-8E-72-84-A8-1B-64-C7-8A-D2-F8">
      <ModulePath>C:\Program Files (x86)\Microsoft Visual Studio\2019\Community\Common7\IDE\Extensions\TestPlatform\Extensions\Microsoft.VisualStudio.TestPlatform.Extensions.OrderedTestAdapter.dll</ModulePath>
      <ModuleTime>2021-03-28T00:50:50.8355905Z</ModuleTime>
      <ModuleName>Microsoft.VisualStudio.TestPlatform.Extensions.OrderedTestAdapter</ModuleName>
      <Classes />
    </Module>
    <Module skippedDueTo="MissingPdb" hash="DB-06-54-F2-A2-B4-49-91-02-57-CB-F4-72-3B-E7-29-39-A3-02-88">
      <ModulePath>C:\Program Files (x86)\Microsoft Visual Studio\2019\Community\Common7\IDE\Extensions\TestPlatform\Extensions\Microsoft.VisualStudio.TestPlatform.Extensions.Trx.TestLogger.dll</ModulePath>
      <ModuleTime>2021-03-28T00:50:50.8355905Z</ModuleTime>
      <ModuleName>Microsoft.VisualStudio.TestPlatform.Extensions.Trx.TestLogger</ModuleName>
      <Classes />
    </Module>
    <Module skippedDueTo="MissingPdb" hash="E6-47-2E-71-FB-37-CC-74-91-E8-00-FD-D4-AE-CF-D9-1E-76-48-5A">
      <ModulePath>C:\Program Files (x86)\Microsoft Visual Studio\2019\Community\Common7\IDE\Extensions\TestPlatform\Extensions\Microsoft.VisualStudio.TestPlatform.Extensions.VSTestIntegration.dll</ModulePath>
      <ModuleTime>2021-03-28T00:50:50.8512173Z</ModuleTime>
      <ModuleName>Microsoft.VisualStudio.TestPlatform.Extensions.VSTestIntegration</ModuleName>
      <Classes />
    </Module>
    <Module skippedDueTo="MissingPdb" hash="83-1F-02-76-DD-12-1F-E3-9C-0D-8D-54-CB-60-39-A2-08-21-8E-AE">
      <ModulePath>C:\Program Files (x86)\Microsoft Visual Studio\2019\Community\Common7\IDE\Extensions\TestPlatform\Microsoft.VisualStudio.QualityTools.UnitTestFramework.dll</ModulePath>
      <ModuleTime>2021-03-28T00:50:51.3465976Z</ModuleTime>
      <ModuleName>Microsoft.VisualStudio.QualityTools.UnitTestFramework</ModuleName>
      <Classes />
    </Module>
    <Module skippedDueTo="Filter" hash="72-A3-7E-C1-C3-DF-5F-24-DB-60-00-05-87-2A-9E-28-53-99-BA-4B">
      <ModulePath>C:\WINDOWS\Microsoft.Net\assembly\GAC_32\System.Data\v4.0_4.0.0.0__b77a5c561934e089\System.Data.dll</ModulePath>
      <ModuleTime>2020-09-04T22:37:08Z</ModuleTime>
      <ModuleName>System.Data</ModuleName>
      <Classes />
    </Module>
    <Module skippedDueTo="MissingPdb" hash="3E-57-F2-61-DC-7F-64-82-5A-D6-1E-97-F3-69-C9-67-7B-E1-66-07">
      <ModulePath>C:\Program Files (x86)\Microsoft Visual Studio\2019\Community\Common7\IDE\Extensions\TestPlatform\Extensions\Microsoft.VisualStudio.TestPlatform.Extensions.WebTestAdapter.dll</ModulePath>
      <ModuleTime>2021-03-28T00:50:50.8512173Z</ModuleTime>
      <ModuleName>Microsoft.VisualStudio.TestPlatform.Extensions.WebTestAdapter</ModuleName>
      <Classes />
    </Module>
    <Module skippedDueTo="MissingPdb" hash="E8-16-B5-A5-D1-15-FA-E2-EC-CE-ED-88-98-41-85-01-D2-CA-FF-A8">
      <ModulePath>C:\Program Files (x86)\Microsoft Visual Studio\2019\Community\Common7\IDE\Extensions\TestPlatform\Extensions\Microsoft.VisualStudio.TestTools.CppUnitTestFramework.ComInterfaces.dll</ModulePath>
      <ModuleTime>2021-03-28T00:50:50.8512173Z</ModuleTime>
      <ModuleName>Microsoft.VisualStudio.TestTools.CppUnitTestFramework.ComInterfaces</ModuleName>
      <Classes />
    </Module>
    <Module skippedDueTo="MissingPdb" hash="36-0A-D9-AA-2D-65-29-48-D0-95-AA-09-66-01-C8-50-91-63-31-D4">
      <ModulePath>C:\Program Files (x86)\Microsoft Visual Studio\2019\Community\Common7\IDE\Extensions\TestPlatform\Extensions\Microsoft.VisualStudio.TestTools.CppUnitTestFramework.CppUnitTestExtension.dll</ModulePath>
      <ModuleTime>2021-03-28T00:50:50.8512173Z</ModuleTime>
      <ModuleName>Microsoft.VisualStudio.TestTools.CppUnitTestFramework.CppUnitTestExtension</ModuleName>
      <Classes />
    </Module>
    <Module skippedDueTo="MissingPdb" hash="4C-9C-C1-2D-90-8E-36-1F-27-87-FF-EF-20-E4-73-47-09-4B-41-99">
      <ModulePath>C:\Program Files (x86)\Microsoft Visual Studio\2019\Community\Common7\IDE\Extensions\TestPlatform\Extensions\Microsoft.VisualStudio.TestTools.DataCollection.MediaRecorder.Model.dll</ModulePath>
      <ModuleTime>2021-03-28T00:50:50.8512173Z</ModuleTime>
      <ModuleName>Microsoft.VisualStudio.TestTools.DataCollection.MediaRecorder.Model</ModuleName>
      <Classes />
    </Module>
    <Module skippedDueTo="MissingPdb" hash="58-74-D3-E6-C3-13-C4-39-23-82-B7-DF-3C-AC-AF-06-2E-B6-8E-8F">
      <ModulePath>C:\Program Files (x86)\Microsoft Visual Studio\2019\Community\Common7\IDE\Extensions\TestPlatform\Extensions\Microsoft.VisualStudio.TestTools.DataCollection.VideoRecorderCollector.dll</ModulePath>
      <ModuleTime>2021-03-28T00:50:50.8512173Z</ModuleTime>
      <ModuleName>Microsoft.VisualStudio.TestTools.DataCollection.VideoRecorderCollector</ModuleName>
      <Classes />
    </Module>
    <Module skippedDueTo="MissingPdb" hash="49-20-69-95-33-35-19-70-9F-3A-06-D7-92-92-D0-5D-8D-1F-B9-91">
      <ModulePath>C:\Program Files (x86)\Microsoft Visual Studio\2019\Community\Common7\IDE\Extensions\TestPlatform\Extensions\Microsoft.VisualStudio.TraceDataCollector.dll</ModulePath>
      <ModuleTime>2021-03-28T00:50:50.8512173Z</ModuleTime>
      <ModuleName>Microsoft.VisualStudio.TraceDataCollector</ModuleName>
      <Classes />
    </Module>
    <Module skippedDueTo="MissingPdb" hash="7A-A8-DB-05-7D-43-2A-5D-E0-12-12-5E-A5-D6-EB-82-6B-4F-72-46">
      <ModulePath>C:\Program Files (x86)\Microsoft Visual Studio\2019\Community\Common7\IDE\Extensions\TestPlatform\Microsoft.IntelliTrace.Core.dll</ModulePath>
      <ModuleTime>2021-03-28T00:50:51.1637144Z</ModuleTime>
      <ModuleName>Microsoft.IntelliTrace.Core</ModuleName>
      <Classes />
    </Module>
    <Module skippedDueTo="MissingPdb" hash="9F-6F-00-43-51-08-10-D7-62-17-36-A0-21-BB-3F-F6-7E-1D-8B-6E">
      <ModulePath>C:\Program Files (x86)\Microsoft Visual Studio\2019\Community\Common7\IDE\Extensions\TestPlatform\Extensions\Microsoft.VisualStudio.UwpTestHostRuntimeProvider.dll</ModulePath>
      <ModuleTime>2021-04-03T13:23:36.2875889Z</ModuleTime>
      <ModuleName>Microsoft.VisualStudio.UwpTestHostRuntimeProvider</ModuleName>
      <Classes />
    </Module>
    <Module skippedDueTo="MissingPdb" hash="BC-0D-4E-DE-1B-20-3B-FB-82-54-2E-63-EE-A0-66-EA-9A-AA-60-C7">
      <ModulePath>C:\Program Files (x86)\Microsoft Visual Studio\2019\Community\Common7\IDE\Extensions\TestPlatform\Microsoft.VisualStudio.Telemetry.dll</ModulePath>
      <ModuleTime>2021-04-03T13:23:36.3026038Z</ModuleTime>
      <ModuleName>Microsoft.VisualStudio.Telemetry</ModuleName>
      <Classes />
    </Module>
    <Module skippedDueTo="MissingPdb" hash="4E-38-66-1E-E4-C5-34-8A-DE-21-72-D7-9B-29-E7-AF-FD-22-C0-02">
      <ModulePath>C:\Program Files (x86)\Microsoft Visual Studio\2019\Community\Common7\IDE\Extensions\TestPlatform\Microsoft.VisualStudio.UwpTestHostRuntimeProvider.Deployment.dll</ModulePath>
      <ModuleTime>2021-04-03T13:23:36.3055767Z</ModuleTime>
      <ModuleName>Microsoft.VisualStudio.UwpTestHostRuntimeProvider.Deployment</ModuleName>
      <Classes />
    </Module>
    <Module skippedDueTo="Filter" hash="F1-D3-C4-19-F0-A3-97-CA-EE-78-EA-BA-5F-97-56-C8-6D-7F-01-45">
      <ModulePath>C:\Program Files (x86)\Microsoft Visual Studio\2019\Community\Common7\IDE\Extensions\TestPlatform\System.Reflection.Metadata.dll</ModulePath>
      <ModuleTime>2021-03-28T00:50:51.5402362Z</ModuleTime>
      <ModuleName>System.Reflection.Metadata</ModuleName>
      <Classes />
    </Module>
    <Module skippedDueTo="Filter" hash="69-5D-5D-9B-F7-23-8F-39-AB-08-BC-FE-2D-BB-F7-A6-09-5F-62-AF">
      <ModulePath>C:\WINDOWS\Microsoft.Net\assembly\GAC_MSIL\System.Runtime\v4.0_4.0.0.0__b03f5f7f11d50a3a\System.Runtime.dll</ModulePath>
      <ModuleTime>2019-12-07T09:10:34.4923358Z</ModuleTime>
      <ModuleName>System.Runtime</ModuleName>
      <Classes />
    </Module>
    <Module skippedDueTo="Filter" hash="1A-C0-32-0E-C5-53-1C-78-D4-5F-19-7F-02-40-91-22-61-53-E5-46">
      <ModulePath>C:\WINDOWS\Microsoft.Net\assembly\GAC_MSIL\System.Runtime.InteropServices\v4.0_4.0.0.0__b03f5f7f11d50a3a\System.Runtime.InteropServices.dll</ModulePath>
      <ModuleTime>2019-12-07T09:10:35.9300981Z</ModuleTime>
      <ModuleName>System.Runtime.InteropServices</ModuleName>
      <Classes />
    </Module>
    <Module skippedDueTo="Filter" hash="8E-25-51-80-B6-FC-23-97-DE-18-0B-AA-0D-F2-A4-AD-97-C1-6A-8D">
      <ModulePath>C:\WINDOWS\Microsoft.Net\assembly\GAC_MSIL\System.IO\v4.0_4.0.0.0__b03f5f7f11d50a3a\System.IO.dll</ModulePath>
      <ModuleTime>2019-12-07T09:10:34.5552678Z</ModuleTime>
      <ModuleName>System.IO</ModuleName>
      <Classes />
    </Module>
    <Module skippedDueTo="Filter" hash="FB-BF-29-CE-7B-65-70-2C-55-E7-9A-03-D5-24-9F-04-A1-39-0C-A6">
      <ModulePath>C:\Program Files (x86)\Microsoft Visual Studio\2019\Community\Common7\IDE\Extensions\TestPlatform\System.Collections.Immutable.dll</ModulePath>
      <ModuleTime>2021-03-28T00:50:51.5302377Z</ModuleTime>
      <ModuleName>System.Collections.Immutable</ModuleName>
      <Classes />
    </Module>
    <Module skippedDueTo="Filter" hash="A9-B8-38-52-F8-47-F1-F7-B1-42-BD-5D-0D-13-50-FA-8A-F5-08-DC">
      <ModulePath>C:\WINDOWS\Microsoft.Net\assembly\GAC_MSIL\System.Reflection\v4.0_4.0.0.0__b03f5f7f11d50a3a\System.Reflection.dll</ModulePath>
      <ModuleTime>2019-12-07T09:10:36.0237545Z</ModuleTime>
      <ModuleName>System.Reflection</ModuleName>
      <Classes />
    </Module>
    <Module skippedDueTo="Filter" hash="29-E2-55-07-C8-69-DD-86-D5-1E-15-EB-9A-30-ED-35-C2-B9-03-56">
      <ModulePath>C:\WINDOWS\Microsoft.Net\assembly\GAC_MSIL\System.IO.FileSystem\v4.0_4.0.0.0__b03f5f7f11d50a3a\System.IO.FileSystem.dll</ModulePath>
      <ModuleTime>2019-12-07T09:10:36.0095245Z</ModuleTime>
      <ModuleName>System.IO.FileSystem</ModuleName>
      <Classes />
    </Module>
    <Module skippedDueTo="Filter" hash="A5-4A-8D-3E-92-F3-E6-8A-37-31-3B-55-FF-F9-42-71-EA-75-C1-69">
      <ModulePath>C:\WINDOWS\Microsoft.Net\assembly\GAC_MSIL\System.IO.MemoryMappedFiles\v4.0_4.0.0.0__b03f5f7f11d50a3a\System.IO.MemoryMappedFiles.dll</ModulePath>
      <ModuleTime>2019-12-07T09:10:34.5552678Z</ModuleTime>
      <ModuleName>System.IO.MemoryMappedFiles</ModuleName>
      <Classes />
    </Module>
    <Module skippedDueTo="Filter" hash="43-A6-0D-38-57-A9-43-74-96-CC-94-35-A8-4D-BE-B5-A6-1E-21-29">
      <ModulePath>C:\WINDOWS\Microsoft.Net\assembly\GAC_MSIL\System.Runtime.Handles\v4.0_4.0.0.0__b03f5f7f11d50a3a\System.Runtime.Handles.dll</ModulePath>
      <ModuleTime>2019-12-07T09:10:37.6643716Z</ModuleTime>
      <ModuleName>System.Runtime.Handles</ModuleName>
      <Classes />
    </Module>
    <Module skippedDueTo="Filter" hash="0D-4A-54-7F-D3-8D-3F-CB-0E-41-6D-19-BA-DE-3E-8E-24-AC-CF-F5">
      <ModulePath>C:\WINDOWS\Microsoft.Net\assembly\GAC_MSIL\System.Reflection.Extensions\v4.0_4.0.0.0__b03f5f7f11d50a3a\System.Reflection.Extensions.dll</ModulePath>
      <ModuleTime>2019-12-07T09:10:37.7113237Z</ModuleTime>
      <ModuleName>System.Reflection.Extensions</ModuleName>
      <Classes />
    </Module>
    <Module skippedDueTo="Filter" hash="C6-18-EC-70-A3-C4-0D-6D-5D-3C-70-6D-21-0F-07-83-E2-12-E9-30">
      <ModulePath>C:\WINDOWS\Microsoft.Net\assembly\GAC_MSIL\System.Threading\v4.0_4.0.0.0__b03f5f7f11d50a3a\System.Threading.dll</ModulePath>
      <ModuleTime>2019-12-07T09:10:34.5860246Z</ModuleTime>
      <ModuleName>System.Threading</ModuleName>
      <Classes />
    </Module>
    <Module skippedDueTo="Filter" hash="3B-54-9E-DF-F9-FC-C4-94-AC-51-5D-4C-31-68-2A-24-99-9B-3C-FA">
      <ModulePath>C:\WINDOWS\Microsoft.Net\assembly\GAC_MSIL\System.Text.Encoding\v4.0_4.0.0.0__b03f5f7f11d50a3a\System.Text.Encoding.dll</ModulePath>
      <ModuleTime>2019-12-07T09:10:36.0705812Z</ModuleTime>
      <ModuleName>System.Text.Encoding</ModuleName>
      <Classes />
    </Module>
    <Module skippedDueTo="Filter" hash="E6-96-E0-ED-94-95-52-F4-BC-21-B7-D5-9B-3E-92-E7-68-62-3B-E3">
      <ModulePath>C:\WINDOWS\Microsoft.Net\assembly\GAC_MSIL\System.Runtime.Extensions\v4.0_4.0.0.0__b03f5f7f11d50a3a\System.Runtime.Extensions.dll</ModulePath>
      <ModuleTime>2019-12-07T09:10:37.6174386Z</ModuleTime>
      <ModuleName>System.Runtime.Extensions</ModuleName>
      <Classes />
    </Module>
    <Module skippedDueTo="Filter" hash="A9-B5-99-95-3D-BC-63-C8-0C-36-BC-93-7E-F1-FA-63-10-36-B9-50">
      <ModulePath>C:\WINDOWS\Microsoft.Net\assembly\GAC_MSIL\System.Text.Encoding.Extensions\v4.0_4.0.0.0__b03f5f7f11d50a3a\System.Text.Encoding.Extensions.dll</ModulePath>
      <ModuleTime>2019-12-07T09:10:36.1495949Z</ModuleTime>
      <ModuleName>System.Text.Encoding.Extensions</ModuleName>
      <Classes />
    </Module>
    <Module skippedDueTo="MissingPdb" hash="44-CA-16-AF-12-9E-A7-62-05-E0-54-DB-23-15-7D-98-05-EE-41-48">
      <ModulePath>C:\Program Files (x86)\Microsoft Visual Studio\2019\Community\Common7\IDE\Extensions\TestPlatform\Microsoft.TestPlatform.CommunicationUtilities.dll</ModulePath>
      <ModuleTime>2021-03-28T00:50:51.1637144Z</ModuleTime>
      <ModuleName>Microsoft.TestPlatform.CommunicationUtilities</ModuleName>
      <Classes />
    </Module>
    <Module skippedDueTo="MissingPdb" hash="80-F6-02-A7-D7-45-80-E8-1C-CE-C3-90-65-6E-47-EB-68-44-E9-6B">
      <ModulePath>C:\Program Files (x86)\Microsoft Visual Studio\2019\Community\Common7\IDE\Extensions\TestPlatform\Newtonsoft.Json.dll</ModulePath>
      <ModuleTime>2021-03-28T00:50:51.4475347Z</ModuleTime>
      <ModuleName>Newtonsoft.Json</ModuleName>
      <Classes />
    </Module>
    <Module skippedDueTo="Filter" hash="97-A7-82-8E-D1-F2-6B-6A-31-F0-3C-C4-52-FC-51-87-9A-D1-2D-4B">
      <ModulePath>C:\Program Files\dotnet\shared\Microsoft.NETCore.App\5.0.4\System.Private.CoreLib.dll</ModulePath>
      <ModuleTime>2021-02-16T13:20:10Z</ModuleTime>
      <ModuleName>System.Private.CoreLib</ModuleName>
      <Classes />
    </Module>
    <Module skippedDueTo="MissingPdb" hash="14-F2-78-AE-16-3E-DE-2D-FC-A3-61-71-FB-6D-A3-6C-0B-7B-83-10">
      <ModulePath>D:\VisualStudio2019\github\AoE2.netDesktop\AoE2.netDesktopTests\bin\Debug\net5.0-windows\testhost.dll</ModulePath>
      <ModuleTime>2021-04-01T00:19:46Z</ModuleTime>
      <ModuleName>testhost</ModuleName>
      <Classes />
    </Module>
    <Module skippedDueTo="Filter" hash="D4-FA-D5-FD-CF-B1-17-61-DC-12-68-2B-B7-60-E1-B0-FB-E1-90-C4">
      <ModulePath>C:\Program Files\dotnet\shared\Microsoft.NETCore.App\5.0.4\System.Runtime.dll</ModulePath>
      <ModuleTime>2021-02-16T13:25:10Z</ModuleTime>
      <ModuleName>System.Runtime</ModuleName>
      <Classes />
    </Module>
    <Module skippedDueTo="MissingPdb" hash="3E-1E-FA-74-CD-7A-FD-A4-1E-E3-EA-03-C1-C6-41-A3-33-5A-80-B5">
      <ModulePath>D:\VisualStudio2019\github\AoE2.netDesktop\AoE2.netDesktopTests\bin\Debug\net5.0-windows\Microsoft.TestPlatform.CoreUtilities.dll</ModulePath>
      <ModuleTime>2021-04-01T00:00:02Z</ModuleTime>
      <ModuleName>Microsoft.TestPlatform.CoreUtilities</ModuleName>
      <Classes />
    </Module>
    <Module skippedDueTo="MissingPdb" hash="44-86-F0-31-39-49-38-F1-70-B6-58-9F-96-F2-3E-CD-B2-6F-8D-E4">
      <ModulePath>C:\Program Files\dotnet\shared\Microsoft.NETCore.App\5.0.4\netstandard.dll</ModulePath>
      <ModuleTime>2021-02-16T13:25:38Z</ModuleTime>
      <ModuleName>netstandard</ModuleName>
      <Classes />
    </Module>
    <Module skippedDueTo="Filter" hash="FC-67-0E-1B-76-39-41-8F-26-67-16-60-C2-2F-82-D9-4D-6C-2E-89">
      <ModulePath>C:\Program Files\dotnet\shared\Microsoft.NETCore.App\5.0.4\System.Diagnostics.Tracing.dll</ModulePath>
      <ModuleTime>2021-02-16T13:25:10Z</ModuleTime>
      <ModuleName>System.Diagnostics.Tracing</ModuleName>
      <Classes />
    </Module>
    <Module skippedDueTo="MissingPdb" hash="C9-1F-14-58-96-B7-6A-6D-CE-47-5D-92-36-AB-C1-0D-3C-A0-BD-17">
      <ModulePath>D:\VisualStudio2019\github\AoE2.netDesktop\AoE2.netDesktopTests\bin\Debug\net5.0-windows\Microsoft.TestPlatform.PlatformAbstractions.dll</ModulePath>
      <ModuleTime>2021-04-01T00:19:48Z</ModuleTime>
      <ModuleName>Microsoft.TestPlatform.PlatformAbstractions</ModuleName>
      <Classes />
    </Module>
    <Module skippedDueTo="Filter" hash="D4-90-C9-CA-C7-FC-77-BC-1E-84-A1-8F-E9-25-2F-3E-C8-A9-A6-1D">
      <ModulePath>C:\Program Files\dotnet\shared\Microsoft.NETCore.App\5.0.4\System.Runtime.Extensions.dll</ModulePath>
      <ModuleTime>2021-02-16T13:25:10Z</ModuleTime>
      <ModuleName>System.Runtime.Extensions</ModuleName>
      <Classes />
    </Module>
    <Module skippedDueTo="Filter" hash="55-15-94-26-05-6C-E5-D2-43-22-48-52-1C-8C-A0-2E-F2-59-96-8E">
      <ModulePath>C:\Program Files\dotnet\shared\Microsoft.NETCore.App\5.0.4\System.Diagnostics.Debug.dll</ModulePath>
      <ModuleTime>2021-02-16T13:25:10Z</ModuleTime>
      <ModuleName>System.Diagnostics.Debug</ModuleName>
      <Classes />
    </Module>
    <Module skippedDueTo="Filter" hash="73-95-12-77-D3-A2-1A-26-53-F4-99-1D-A3-D0-A3-92-CC-14-00-72">
      <ModulePath>C:\Program Files\dotnet\shared\Microsoft.NETCore.App\5.0.4\System.Collections.dll</ModulePath>
      <ModuleTime>2021-02-16T13:25:08Z</ModuleTime>
      <ModuleName>System.Collections</ModuleName>
      <Classes />
    </Module>
    <Module skippedDueTo="MissingPdb" hash="9F-04-44-43-BE-6D-73-37-32-34-E5-5D-68-A1-03-51-C2-66-7D-9C">
      <ModulePath>D:\VisualStudio2019\github\AoE2.netDesktop\AoE2.netDesktopTests\bin\Debug\net5.0-windows\Microsoft.TestPlatform.CrossPlatEngine.dll</ModulePath>
      <ModuleTime>2021-04-01T00:19:50Z</ModuleTime>
      <ModuleName>Microsoft.TestPlatform.CrossPlatEngine</ModuleName>
      <Classes />
    </Module>
    <Module skippedDueTo="MissingPdb" hash="D5-75-B8-72-EB-1A-F2-C6-FB-CF-34-96-A1-DE-1E-D0-2E-21-4F-D1">
      <ModulePath>D:\VisualStudio2019\github\AoE2.netDesktop\AoE2.netDesktopTests\bin\Debug\net5.0-windows\Microsoft.TestPlatform.CommunicationUtilities.dll</ModulePath>
      <ModuleTime>2021-04-01T00:20:16Z</ModuleTime>
      <ModuleName>Microsoft.TestPlatform.CommunicationUtilities</ModuleName>
      <Classes />
    </Module>
    <Module skippedDueTo="MissingPdb" hash="38-72-9A-6D-B1-DC-65-EE-9D-CF-33-12-C8-8D-11-C6-CC-A2-14-F4">
      <ModulePath>D:\VisualStudio2019\github\AoE2.netDesktop\AoE2.netDesktopTests\bin\Debug\net5.0-windows\Microsoft.VisualStudio.TestPlatform.ObjectModel.dll</ModulePath>
      <ModuleTime>2021-03-31T23:59:40Z</ModuleTime>
      <ModuleName>Microsoft.VisualStudio.TestPlatform.ObjectModel</ModuleName>
      <Classes />
    </Module>
    <Module skippedDueTo="MissingPdb" hash="E5-05-8F-33-A5-EF-93-06-3C-58-BD-7B-E0-F7-4D-7B-BA-D8-15-98">
      <ModulePath>D:\VisualStudio2019\github\AoE2.netDesktop\AoE2.netDesktopTests\bin\Debug\net5.0-windows\Microsoft.VisualStudio.TestPlatform.Common.dll</ModulePath>
      <ModuleTime>2021-04-01T00:19:50Z</ModuleTime>
      <ModuleName>Microsoft.VisualStudio.TestPlatform.Common</ModuleName>
      <Classes />
    </Module>
    <Module skippedDueTo="MissingPdb" hash="53-D0-A3-B9-10-36-09-21-32-F4-D0-88-75-00-B5-DC-77-89-1D-78">
      <ModulePath>D:\VisualStudio2019\github\AoE2.netDesktop\AoE2.netDesktopTests\bin\Debug\net5.0-windows\Newtonsoft.Json.dll</ModulePath>
      <ModuleTime>2016-06-13T14:06:14Z</ModuleTime>
      <ModuleName>Newtonsoft.Json</ModuleName>
      <Classes />
    </Module>
    <Module skippedDueTo="Filter" hash="C6-EF-61-4C-B4-53-18-C1-91-C2-DD-9D-FA-76-8B-77-C3-62-CC-0B">
      <ModulePath>C:\Program Files\dotnet\shared\Microsoft.NETCore.App\5.0.4\System.Runtime.Serialization.Primitives.dll</ModulePath>
      <ModuleTime>2021-02-16T13:25:42Z</ModuleTime>
      <ModuleName>System.Runtime.Serialization.Primitives</ModuleName>
      <Classes />
    </Module>
    <Module skippedDueTo="Filter" hash="6E-96-A0-31-29-5D-A9-5C-2F-78-08-B6-D6-8A-1B-E5-C7-64-43-C9">
      <ModulePath>C:\Program Files\dotnet\shared\Microsoft.NETCore.App\5.0.4\System.Globalization.dll</ModulePath>
      <ModuleTime>2021-02-16T13:25:12Z</ModuleTime>
      <ModuleName>System.Globalization</ModuleName>
      <Classes />
    </Module>
    <Module skippedDueTo="Filter" hash="55-D0-04-B4-CC-62-BA-25-B4-61-3D-F0-1A-CA-6E-E6-BE-06-81-B2">
      <ModulePath>C:\Program Files\dotnet\shared\Microsoft.NETCore.App\5.0.4\System.Threading.dll</ModulePath>
      <ModuleTime>2021-02-16T13:26:04Z</ModuleTime>
      <ModuleName>System.Threading</ModuleName>
      <Classes />
    </Module>
    <Module skippedDueTo="Filter" hash="10-82-80-AA-20-B6-BC-92-3A-80-0E-FF-F8-1D-89-88-0D-5F-04-24">
      <ModulePath>C:\Program Files\dotnet\shared\Microsoft.NETCore.App\5.0.4\System.Diagnostics.TraceSource.dll</ModulePath>
      <ModuleTime>2021-02-16T13:25:10Z</ModuleTime>
      <ModuleName>System.Diagnostics.TraceSource</ModuleName>
      <Classes />
    </Module>
    <Module skippedDueTo="Filter" hash="B6-7D-0F-65-C7-CF-74-D8-A4-46-4E-72-E5-35-52-16-11-BE-BE-DD">
      <ModulePath>C:\Program Files\dotnet\shared\Microsoft.NETCore.App\5.0.4\System.Runtime.InteropServices.RuntimeInformation.dll</ModulePath>
      <ModuleTime>2021-02-16T13:25:12Z</ModuleTime>
      <ModuleName>System.Runtime.InteropServices.RuntimeInformation</ModuleName>
      <Classes />
    </Module>
    <Module skippedDueTo="Filter" hash="B3-AA-1C-2D-31-CD-EC-C3-C2-56-9E-B2-53-A0-4D-EA-AE-B4-9F-28">
      <ModulePath>C:\Program Files\dotnet\shared\Microsoft.NETCore.App\5.0.4\System.Diagnostics.Process.dll</ModulePath>
      <ModuleTime>2021-02-16T13:25:10Z</ModuleTime>
      <ModuleName>System.Diagnostics.Process</ModuleName>
      <Classes />
    </Module>
    <Module skippedDueTo="Filter" hash="D9-C8-89-46-1D-0B-64-56-85-90-3A-59-99-47-F3-2E-C5-13-27-9A">
      <ModulePath>C:\Program Files\dotnet\shared\Microsoft.NETCore.App\5.0.4\System.ComponentModel.Primitives.dll</ModulePath>
      <ModuleTime>2021-02-16T13:25:06Z</ModuleTime>
      <ModuleName>System.ComponentModel.Primitives</ModuleName>
      <Classes />
    </Module>
    <Module skippedDueTo="Filter" hash="18-53-B4-DE-7C-F9-55-82-F9-30-3D-5A-D4-7A-32-CA-EB-1A-28-C4">
      <ModulePath>C:\Program Files\dotnet\shared\Microsoft.NETCore.App\5.0.4\System.Memory.dll</ModulePath>
      <ModuleTime>2021-02-16T13:26:18Z</ModuleTime>
      <ModuleName>System.Memory</ModuleName>
      <Classes />
    </Module>
    <Module skippedDueTo="Filter" hash="94-FB-24-8E-03-DA-2A-8E-FE-C5-66-DA-FD-0B-86-85-41-56-E5-13">
      <ModulePath>C:\Program Files\dotnet\shared\Microsoft.NETCore.App\5.0.4\System.Threading.ThreadPool.dll</ModulePath>
      <ModuleTime>2021-02-16T13:25:22Z</ModuleTime>
      <ModuleName>System.Threading.ThreadPool</ModuleName>
      <Classes />
    </Module>
    <Module skippedDueTo="Filter" hash="A8-4E-F2-70-81-97-3A-72-C8-0C-6D-E1-86-46-1F-C3-FE-0C-44-95">
      <ModulePath>C:\Program Files\dotnet\shared\Microsoft.NETCore.App\5.0.4\System.Runtime.InteropServices.dll</ModulePath>
      <ModuleTime>2021-02-16T13:25:12Z</ModuleTime>
      <ModuleName>System.Runtime.InteropServices</ModuleName>
      <Classes />
    </Module>
    <Module skippedDueTo="MissingPdb" hash="62-C5-C1-7A-AB-B5-21-A2-20-32-2E-E2-8E-DF-87-E6-FC-F2-72-38">
      <ModulePath>C:\Program Files\dotnet\shared\Microsoft.NETCore.App\5.0.4\Microsoft.Win32.Primitives.dll</ModulePath>
      <ModuleTime>2021-02-16T13:25:04Z</ModuleTime>
      <ModuleName>Microsoft.Win32.Primitives</ModuleName>
      <Classes />
    </Module>
    <Module skippedDueTo="Filter" hash="6B-7E-D1-63-71-6A-07-86-65-B4-FA-C4-BF-F1-62-50-AF-7B-31-F0">
      <ModulePath>C:\Program Files\dotnet\shared\Microsoft.NETCore.App\5.0.4\System.Net.Primitives.dll</ModulePath>
      <ModuleTime>2021-02-16T13:25:58Z</ModuleTime>
      <ModuleName>System.Net.Primitives</ModuleName>
      <Classes />
    </Module>
    <Module skippedDueTo="Filter" hash="85-51-70-F4-D0-31-49-C0-EC-93-09-4F-E2-0C-0A-65-82-58-46-BB">
      <ModulePath>C:\Program Files\dotnet\shared\Microsoft.NETCore.App\5.0.4\System.Net.Sockets.dll</ModulePath>
      <ModuleTime>2021-02-16T13:25:08Z</ModuleTime>
      <ModuleName>System.Net.Sockets</ModuleName>
      <Classes />
    </Module>
    <Module skippedDueTo="Filter" hash="BF-42-40-D0-E6-33-CD-AA-CA-95-1D-6D-8B-49-6F-DC-99-F6-6F-5C">
      <ModulePath>C:\Program Files\dotnet\shared\Microsoft.NETCore.App\5.0.4\System.Net.NameResolution.dll</ModulePath>
      <ModuleTime>2021-02-16T13:25:16Z</ModuleTime>
      <ModuleName>System.Net.NameResolution</ModuleName>
      <Classes />
    </Module>
    <Module skippedDueTo="Filter" hash="86-81-6F-D7-A1-02-DB-EC-16-AF-EC-22-63-9A-B5-54-BE-CF-3D-FB">
      <ModulePath>C:\Program Files\dotnet\shared\Microsoft.NETCore.App\5.0.4\System.Private.Uri.dll</ModulePath>
      <ModuleTime>2021-02-16T13:26:44Z</ModuleTime>
      <ModuleName>System.Private.Uri</ModuleName>
      <Classes />
    </Module>
    <Module skippedDueTo="Filter" hash="FA-59-5A-FF-2D-CE-38-66-FC-96-78-8A-04-A7-8E-27-26-A3-47-78">
      <ModulePath>C:\Program Files\dotnet\shared\Microsoft.NETCore.App\5.0.4\System.Threading.Overlapped.dll</ModulePath>
      <ModuleTime>2021-02-16T13:25:42Z</ModuleTime>
      <ModuleName>System.Threading.Overlapped</ModuleName>
      <Classes />
    </Module>
    <Module skippedDueTo="Filter" hash="43-F3-56-07-A4-36-04-65-02-B8-6E-DA-43-D8-74-19-B9-44-30-E1">
      <ModulePath>C:\WINDOWS\Microsoft.Net\assembly\GAC_MSIL\System.Numerics\v4.0_4.0.0.0__b77a5c561934e089\System.Numerics.dll</ModulePath>
      <ModuleTime>2019-12-07T09:10:37.6330785Z</ModuleTime>
      <ModuleName>System.Numerics</ModuleName>
      <Classes />
    </Module>
    <Module skippedDueTo="Filter" hash="01-A6-55-30-50-42-B1-C7-61-5A-E0-0D-2E-23-90-7B-53-84-D7-D8">
      <ModulePath>C:\WINDOWS\Microsoft.Net\assembly\GAC_MSIL\System.Runtime.Serialization\v4.0_4.0.0.0__b77a5c561934e089\System.Runtime.Serialization.dll</ModulePath>
      <ModuleTime>2020-08-05T02:39:55.9298663Z</ModuleTime>
      <ModuleName>System.Runtime.Serialization</ModuleName>
      <Classes />
    </Module>
    <Module skippedDueTo="Filter" hash="76-4F-F2-57-05-34-3B-14-F0-74-D8-74-52-87-6D-06-AD-25-14-77">
      <ModulePath>C:\WINDOWS\Microsoft.Net\assembly\GAC_MSIL\System.Xml.Linq\v4.0_4.0.0.0__b77a5c561934e089\System.Xml.Linq.dll</ModulePath>
      <ModuleTime>2019-12-07T09:10:35.962301Z</ModuleTime>
      <ModuleName>System.Xml.Linq</ModuleName>
      <Classes />
    </Module>
    <Module skippedDueTo="Filter" hash="A6-82-1C-71-35-AB-B2-4B-D9-A7-93-2F-A1-C8-74-AA-0D-DC-3F-FC">
      <ModulePath>C:\Program Files\dotnet\shared\Microsoft.NETCore.App\5.0.4\System.IO.dll</ModulePath>
      <ModuleTime>2021-02-16T13:25:12Z</ModuleTime>
      <ModuleName>System.IO</ModuleName>
      <Classes />
    </Module>
    <Module skippedDueTo="Filter" hash="C0-57-D8-89-2E-56-CA-12-76-CB-B6-C8-D2-5F-84-94-D5-49-0A-36">
      <ModulePath>C:\Program Files\dotnet\shared\Microsoft.NETCore.App\5.0.4\System.Dynamic.Runtime.dll</ModulePath>
      <ModuleTime>2021-02-16T13:25:10Z</ModuleTime>
      <ModuleName>System.Dynamic.Runtime</ModuleName>
      <Classes />
    </Module>
    <Module skippedDueTo="Filter" hash="D5-E9-B8-02-1D-A7-C8-0F-F4-CB-5D-08-A5-3A-B5-D1-39-7B-91-17">
      <ModulePath>C:\Program Files\dotnet\shared\Microsoft.NETCore.App\5.0.4\System.Linq.Expressions.dll</ModulePath>
      <ModuleTime>2021-02-16T13:25:16Z</ModuleTime>
      <ModuleName>System.Linq.Expressions</ModuleName>
      <Classes />
    </Module>
    <Module skippedDueTo="Filter" hash="6B-DD-03-6F-AF-23-AE-39-E5-33-4E-8A-CD-9A-FA-47-64-19-F0-B8">
      <ModulePath>C:\Program Files\dotnet\shared\Microsoft.NETCore.App\5.0.4\System.Reflection.dll</ModulePath>
      <ModuleTime>2021-02-16T13:25:08Z</ModuleTime>
      <ModuleName>System.Reflection</ModuleName>
      <Classes />
    </Module>
    <Module skippedDueTo="Filter" hash="A6-CD-51-E4-5B-4D-F7-0A-9A-62-EE-CD-35-F0-3E-84-C9-5D-D7-35">
      <ModulePath>C:\Program Files\dotnet\shared\Microsoft.NETCore.App\5.0.4\System.Reflection.Extensions.dll</ModulePath>
      <ModuleTime>2021-02-16T13:25:42Z</ModuleTime>
      <ModuleName>System.Reflection.Extensions</ModuleName>
      <Classes />
    </Module>
    <Module skippedDueTo="Filter" hash="16-4E-EC-1C-36-41-8F-69-E1-D8-DD-35-AC-C0-90-1C-52-83-6F-46">
      <ModulePath>C:\Program Files\dotnet\shared\Microsoft.NETCore.App\5.0.4\System.Linq.dll</ModulePath>
      <ModuleTime>2021-02-16T13:25:14Z</ModuleTime>
      <ModuleName>System.Linq</ModuleName>
      <Classes />
    </Module>
    <Module skippedDueTo="Filter" hash="87-4C-B3-3D-69-62-2E-10-B4-91-D7-D6-16-A4-A7-05-7E-F8-8F-70">
      <ModulePath>C:\Program Files\dotnet\shared\Microsoft.NETCore.App\5.0.4\System.ObjectModel.dll</ModulePath>
      <ModuleTime>2021-02-16T13:25:04Z</ModuleTime>
      <ModuleName>System.ObjectModel</ModuleName>
      <Classes />
    </Module>
    <Module skippedDueTo="Filter" hash="6B-E7-E7-BF-88-D7-94-46-DC-85-2F-45-B0-C3-B5-9A-74-00-81-6A">
      <ModulePath>C:\Program Files\dotnet\shared\Microsoft.NETCore.App\5.0.4\System.Xml.XDocument.dll</ModulePath>
      <ModuleTime>2021-02-16T13:24:40Z</ModuleTime>
      <ModuleName>System.Xml.XDocument</ModuleName>
      <Classes />
    </Module>
    <Module skippedDueTo="Filter" hash="91-E5-47-8E-56-A5-CC-38-13-55-04-21-BB-D6-37-F8-99-38-60-12">
      <ModulePath>C:\Program Files\dotnet\shared\Microsoft.NETCore.App\5.0.4\System.Private.Xml.Linq.dll</ModulePath>
      <ModuleTime>2021-02-16T13:25:06Z</ModuleTime>
      <ModuleName>System.Private.Xml.Linq</ModuleName>
      <Classes />
    </Module>
    <Module skippedDueTo="Filter" hash="1E-A1-FE-5F-02-3C-C1-1A-33-47-1A-8A-1D-68-8F-BA-79-BD-8F-B6">
      <ModulePath>C:\Program Files\dotnet\shared\Microsoft.NETCore.App\5.0.4\System.Private.Xml.dll</ModulePath>
      <ModuleTime>2021-02-16T13:25:08Z</ModuleTime>
      <ModuleName>System.Private.Xml</ModuleName>
      <Classes />
    </Module>
    <Module skippedDueTo="Filter" hash="3B-61-DC-A9-08-DF-37-31-12-6F-2A-0C-F9-65-62-0A-ED-20-5A-73">
      <ModulePath>C:\Program Files\dotnet\shared\Microsoft.NETCore.App\5.0.4\System.Text.RegularExpressions.dll</ModulePath>
      <ModuleTime>2021-02-16T13:25:42Z</ModuleTime>
      <ModuleName>System.Text.RegularExpressions</ModuleName>
      <Classes />
    </Module>
    <Module skippedDueTo="Filter" hash="E3-38-72-07-83-BE-77-AF-5D-EB-74-4D-6C-44-DA-13-73-F2-40-BF">
      <ModulePath>C:\Program Files\dotnet\shared\Microsoft.NETCore.App\5.0.4\System.Reflection.Emit.ILGeneration.dll</ModulePath>
      <ModuleTime>2021-02-16T13:25:04Z</ModuleTime>
      <ModuleName>System.Reflection.Emit.ILGeneration</ModuleName>
      <Classes />
    </Module>
    <Module skippedDueTo="Filter" hash="CF-E2-71-ED-76-9F-97-CF-6E-F8-35-37-32-94-97-A5-FE-63-66-D6">
      <ModulePath>C:\Program Files\dotnet\shared\Microsoft.NETCore.App\5.0.4\System.Reflection.Emit.Lightweight.dll</ModulePath>
      <ModuleTime>2021-02-16T13:28:56Z</ModuleTime>
      <ModuleName>System.Reflection.Emit.Lightweight</ModuleName>
      <Classes />
    </Module>
    <Module skippedDueTo="Filter" hash="0B-48-90-9F-16-E0-ED-1A-04-9D-B6-7A-63-F6-03-A3-91-0E-5B-DF">
      <ModulePath>C:\Program Files\dotnet\shared\Microsoft.NETCore.App\5.0.4\System.Reflection.Primitives.dll</ModulePath>
      <ModuleTime>2021-02-16T13:25:10Z</ModuleTime>
      <ModuleName>System.Reflection.Primitives</ModuleName>
      <Classes />
    </Module>
    <Module skippedDueTo="MissingPdb" hash="">
      <ModulePath>RefEmit_InMemoryManifestModule</ModulePath>
      <ModuleTime>0001-01-01T00:00:00</ModuleTime>
      <ModuleName>Anonymously Hosted DynamicMethods Assembly</ModuleName>
      <Classes />
    </Module>
    <Module skippedDueTo="Filter" hash="67-44-11-4B-B4-89-31-56-C0-4F-A7-29-AC-9A-90-51-90-64-39-2E">
      <ModulePath>C:\Program Files\dotnet\shared\Microsoft.NETCore.App\5.0.4\System.Collections.NonGeneric.dll</ModulePath>
      <ModuleTime>2021-02-16T13:25:06Z</ModuleTime>
      <ModuleName>System.Collections.NonGeneric</ModuleName>
      <Classes />
    </Module>
    <Module skippedDueTo="Filter" hash="EC-B1-39-E3-E0-C8-36-7D-83-48-ED-0B-7A-77-D5-0B-36-94-5E-FD">
      <ModulePath>C:\Program Files\dotnet\shared\Microsoft.NETCore.App\5.0.4\System.IO.FileSystem.dll</ModulePath>
      <ModuleTime>2021-02-16T13:25:14Z</ModuleTime>
      <ModuleName>System.IO.FileSystem</ModuleName>
      <Classes />
    </Module>
    <Module skippedDueTo="Filter" hash="98-BF-A9-9D-CC-EC-96-6B-A2-D8-F2-92-3E-33-EF-B4-EF-B3-E4-91">
      <ModulePath>C:\Program Files\dotnet\shared\Microsoft.NETCore.App\5.0.4\System.Runtime.Loader.dll</ModulePath>
      <ModuleTime>2021-02-16T13:25:12Z</ModuleTime>
      <ModuleName>System.Runtime.Loader</ModuleName>
      <Classes />
    </Module>
    <Module skippedDueTo="MissingPdb" hash="E5-8B-B5-4D-1D-DD-A4-00-29-23-1F-D0-19-C7-42-AC-94-7A-94-FD">
      <ModulePath>D:\VisualStudio2019\github\AoE2.netDesktop\AoE2.netDesktopTests\bin\Debug\net5.0-windows\Microsoft.VisualStudio.TestPlatform.MSTest.TestAdapter.dll</ModulePath>
      <ModuleTime>2021-03-16T04:27:36Z</ModuleTime>
      <ModuleName>Microsoft.VisualStudio.TestPlatform.MSTest.TestAdapter</ModuleName>
      <Classes />
    </Module>
    <Module skippedDueTo="Filter" hash="35-DC-62-60-D6-9C-62-E3-22-75-29-46-18-8B-9E-9F-5D-E0-7F-8A">
      <ModulePath>C:\Program Files\dotnet\shared\Microsoft.NETCore.App\5.0.4\System.Resources.ResourceManager.dll</ModulePath>
      <ModuleTime>2021-02-16T13:25:10Z</ModuleTime>
      <ModuleName>System.Resources.ResourceManager</ModuleName>
      <Classes />
    </Module>
    <Module skippedDueTo="Filter" hash="D2-97-37-F2-2D-12-7B-F4-55-26-9A-E9-30-E7-B0-76-5F-7D-1F-D1">
      <ModulePath>C:\Program Files\dotnet\shared\Microsoft.NETCore.App\5.0.4\System.Xml.ReaderWriter.dll</ModulePath>
      <ModuleTime>2021-02-16T13:24:40Z</ModuleTime>
      <ModuleName>System.Xml.ReaderWriter</ModuleName>
      <Classes />
    </Module>
    <Module skippedDueTo="Filter" hash="72-7F-14-F6-4F-7D-13-5E-57-9D-03-F6-22-3C-E0-3C-D7-33-E1-9B">
      <ModulePath>C:\Program Files\dotnet\shared\Microsoft.NETCore.App\5.0.4\System.Threading.Thread.dll</ModulePath>
      <ModuleTime>2021-02-16T13:25:42Z</ModuleTime>
      <ModuleName>System.Threading.Thread</ModuleName>
      <Classes />
    </Module>
    <Module skippedDueTo="Filter" hash="53-45-93-D6-78-D2-BC-DE-43-08-8C-43-44-E8-9A-2F-5C-C9-D6-1F">
      <ModulePath>C:\Program Files\dotnet\shared\Microsoft.NETCore.App\5.0.4\System.Security.Cryptography.Algorithms.dll</ModulePath>
      <ModuleTime>2021-02-16T13:25:16Z</ModuleTime>
      <ModuleName>System.Security.Cryptography.Algorithms</ModuleName>
      <Classes />
    </Module>
    <Module skippedDueTo="MissingPdb" hash="48-7D-20-E0-6C-A7-AC-8A-C8-B4-6D-A7-78-EB-BC-9B-1E-4C-10-F9">
      <ModulePath>D:\VisualStudio2019\github\AoE2.netDesktop\AoE2.netDesktopTests\bin\Debug\net5.0-windows\ja\Microsoft.VisualStudio.TestPlatform.Common.resources.dll</ModulePath>
      <ModuleTime>2021-04-01T00:19:56Z</ModuleTime>
      <ModuleName>Microsoft.VisualStudio.TestPlatform.Common.resources</ModuleName>
      <Classes />
    </Module>
    <Module skippedDueTo="MissingPdb" hash="C1-E6-95-46-6B-22-AB-AD-8C-29-08-C6-4F-A8-BC-C8-E3-D9-B3-83">
      <ModulePath>D:\VisualStudio2019\github\AoE2.netDesktop\AoE2.netDesktopTests\bin\Debug\net5.0-windows\NuGet.Frameworks.dll</ModulePath>
      <ModuleTime>2019-04-01T09:23:50Z</ModuleTime>
      <ModuleName>NuGet.Frameworks</ModuleName>
      <Classes />
    </Module>
    <Module skippedDueTo="MissingPdb" hash="6B-6B-F7-01-A5-69-DB-03-D4-FA-84-B0-5A-CA-84-D7-C1-6B-73-52">
      <ModulePath>D:\VisualStudio2019\github\AoE2.netDesktop\AoE2.netDesktopTests\bin\Debug\net5.0-windows\Microsoft.VisualStudio.TestPlatform.MSTestAdapter.PlatformServices.Interface.dll</ModulePath>
      <ModuleTime>2021-03-16T04:18:28Z</ModuleTime>
      <ModuleName>Microsoft.VisualStudio.TestPlatform.MSTestAdapter.PlatformServices.Interface</ModuleName>
      <Classes />
    </Module>
    <Module skippedDueTo="MissingPdb" hash="DC-F5-E6-3C-B9-19-ED-29-58-E2-97-DA-59-91-E7-96-B5-FE-89-B4">
      <ModulePath>D:\VisualStudio2019\github\AoE2.netDesktop\AoE2.netDesktopTests\bin\Debug\net5.0-windows\Microsoft.VisualStudio.TestPlatform.TestFramework.dll</ModulePath>
      <ModuleTime>2021-03-16T04:20:00Z</ModuleTime>
      <ModuleName>Microsoft.VisualStudio.TestPlatform.TestFramework</ModuleName>
      <Classes />
    </Module>
    <Module skippedDueTo="MissingPdb" hash="CA-41-20-65-F2-1A-FB-1F-7D-72-D4-E8-B0-C2-3A-39-66-38-16-8B">
      <ModulePath>D:\VisualStudio2019\github\AoE2.netDesktop\AoE2.netDesktopTests\bin\Debug\net5.0-windows\Microsoft.VisualStudio.TestPlatform.MSTestAdapter.PlatformServices.dll</ModulePath>
      <ModuleTime>2021-03-16T04:24:52Z</ModuleTime>
      <ModuleName>Microsoft.VisualStudio.TestPlatform.MSTestAdapter.PlatformServices</ModuleName>
      <Classes />
    </Module>
    <Module skippedDueTo="Filter" hash="D1-EE-F7-91-EA-D5-02-78-47-D4-F4-73-EB-CC-0A-F9-68-81-E2-34">
      <ModulePath>C:\Program Files\dotnet\shared\Microsoft.NETCore.App\5.0.4\System.Text.Encoding.Extensions.dll</ModulePath>
      <ModuleTime>2021-02-16T13:25:20Z</ModuleTime>
      <ModuleName>System.Text.Encoding.Extensions</ModuleName>
      <Classes />
    </Module>
    <Module hash="A8-A4-9A-FC-C0-5C-BA-BE-E4-46-02-4B-D1-65-1E-5E-F9-36-BA-B1">
      <Summary numSequencePoints="441" visitedSequencePoints="435" numBranchPoints="130" visitedBranchPoints="110" sequenceCoverage="98.64" branchCoverage="84.62" maxCyclomaticComplexity="8" minCyclomaticComplexity="0" maxCrapScore="8.35" minCrapScore="0" visitedClasses="37" numClasses="38" visitedMethods="77" numMethods="78" />
      <ModulePath>D:\VisualStudio2019\github\AoE2.netDesktop\AoE2.netDesktopTests\bin\Debug\net5.0-windows\AoE2netDesktopTests.dll</ModulePath>
      <ModuleTime>2021-04-11T11:34:40.0490369Z</ModuleTime>
      <ModuleName>AoE2netDesktopTests</ModuleName>
      <Files>
        <File uid="1" fullPath="C:\Users\teshi\.nuget\packages\microsoft.net.test.sdk\16.9.4\build\netcoreapp2.1\Microsoft.NET.Test.Sdk.Program.cs" />
        <File uid="2" fullPath="D:\VisualStudio2019\github\AoE2.netDesktop\AoE2.netDesktopTests\LibAoE2Net\TestHttpClient.cs" />
        <File uid="3" fullPath="D:\VisualStudio2019\github\AoE2.netDesktop\AoE2.netDesktopTests\LibAoE2Net\Functions\AoE2netTests.cs" />
        <File uid="10" fullPath="D:\VisualStudio2019\github\AoE2.netDesktop\AoE2.netDesktopTests\LibAoE2Net\Functions\StringsExtTests.cs" />
        <File uid="11" fullPath="D:\VisualStudio2019\github\AoE2.netDesktop\AoE2.netDesktopTests\LibAoE2Net\JsonFormat\PlayerTests.cs" />
        <File uid="12" fullPath="D:\VisualStudio2019\github\AoE2.netDesktop\AoE2.netDesktopTests\LibAoE2Net\JsonFormat\StringIdTests.cs" />
        <File uid="13" fullPath="D:\VisualStudio2019\github\AoE2.netDesktop\AoE2.netDesktopTests\LibAoE2Net\Parameters\LanguageExtTests.cs" />
        <File uid="14" fullPath="D:\VisualStudio2019\github\AoE2.netDesktop\AoE2.netDesktopTests\Utility\ComClientTests.cs" />
        <File uid="20" fullPath="D:\VisualStudio2019\github\AoE2.netDesktop\AoE2.netDesktopTests\TestData\TestInit.cs" />
        <File uid="21" fullPath="D:\VisualStudio2019\github\AoE2.netDesktop\AoE2.netDesktopTests\TestUtility\TestUtilityExt.cs" />
        <File uid="22" fullPath="D:\VisualStudio2019\github\AoE2.netDesktop\AoE2.netDesktopTests\Utility\AsyncMethodAwaiterTests.cs" />
        <File uid="23" fullPath="D:\VisualStudio2019\github\AoE2.netDesktop\AoE2.netDesktopTests\Utility\DrawExTests.cs" />
        <File uid="24" fullPath="D:\VisualStudio2019\github\AoE2.netDesktop\AoE2.netDesktopTests\FormControler\CtrlMainTests.cs" />
        <File uid="36" fullPath="D:\VisualStudio2019\github\AoE2.netDesktop\AoE2.netDesktopTests\Form\FormMainTests.cs" />
        <File uid="38" fullPath="D:\VisualStudio2019\github\AoE2.netDesktop\AoE2.netDesktopTests\TestUtility\FormExt.cs" />
      </Files>
      <Classes>
        <Class>
          <Summary numSequencePoints="0" visitedSequencePoints="0" numBranchPoints="0" visitedBranchPoints="0" sequenceCoverage="0" branchCoverage="0" maxCyclomaticComplexity="0" minCyclomaticComplexity="0" maxCrapScore="0" minCrapScore="0" visitedClasses="0" numClasses="0" visitedMethods="0" numMethods="0" />
          <FullName>&lt;Module&gt;</FullName>
          <Methods />
        </Class>
        <Class>
          <Summary numSequencePoints="2" visitedSequencePoints="0" numBranchPoints="1" visitedBranchPoints="0" sequenceCoverage="0" branchCoverage="0" maxCyclomaticComplexity="1" minCyclomaticComplexity="1" maxCrapScore="2" minCrapScore="2" visitedClasses="0" numClasses="1" visitedMethods="0" numMethods="1" />
          <FullName>AutoGeneratedProgram</FullName>
          <Methods>
            <Method visited="false" cyclomaticComplexity="1" nPathComplexity="0" sequenceCoverage="0" branchCoverage="0" crapScore="2" isConstructor="false" isStatic="true" isGetter="false" isSetter="false">
              <Summary numSequencePoints="2" visitedSequencePoints="0" numBranchPoints="1" visitedBranchPoints="0" sequenceCoverage="0" branchCoverage="0" maxCyclomaticComplexity="1" minCyclomaticComplexity="1" maxCrapScore="2" minCrapScore="2" visitedClasses="0" numClasses="0" visitedMethods="0" numMethods="1" />
              <MetadataToken>100663297</MetadataToken>
              <Name>System.Void AutoGeneratedProgram::Main(System.String[])</Name>
              <FileRef uid="1" />
              <SequencePoints>
                <SequencePoint vc="0" uspid="1" ordinal="0" offset="0" sl="4" sc="60" el="4" ec="61" bec="0" bev="0" fileid="1" />
                <SequencePoint vc="0" uspid="2" ordinal="1" offset="1" sl="4" sc="61" el="4" ec="62" bec="0" bev="0" fileid="1" />
              </SequencePoints>
              <BranchPoints />
              <MethodPoint xsi:type="SequencePoint" vc="0" uspid="1" ordinal="0" offset="0" sl="4" sc="60" el="4" ec="61" bec="0" bev="0" fileid="1" />
            </Method>
            <Method visited="false" cyclomaticComplexity="1" nPathComplexity="0" sequenceCoverage="0" branchCoverage="0" crapScore="2" isConstructor="true" isStatic="false" isGetter="false" isSetter="false">
              <Summary numSequencePoints="0" visitedSequencePoints="0" numBranchPoints="0" visitedBranchPoints="0" sequenceCoverage="0" branchCoverage="0" maxCyclomaticComplexity="1" minCyclomaticComplexity="1" maxCrapScore="2" minCrapScore="2" visitedClasses="0" numClasses="0" visitedMethods="0" numMethods="0" />
              <MetadataToken>100663298</MetadataToken>
              <Name>System.Void AutoGeneratedProgram::.ctor()</Name>
              <SequencePoints />
              <BranchPoints />
              <MethodPoint vc="0" uspid="3" ordinal="0" offset="0" />
            </Method>
          </Methods>
        </Class>
        <Class>
          <Summary numSequencePoints="41" visitedSequencePoints="38" numBranchPoints="22" visitedBranchPoints="19" sequenceCoverage="92.68" branchCoverage="86.36" maxCyclomaticComplexity="8" minCyclomaticComplexity="1" maxCrapScore="8.35" minCrapScore="1" visitedClasses="1" numClasses="1" visitedMethods="8" numMethods="8" />
          <FullName>LibAoE2net.TestHttpClient</FullName>
          <Methods>
            <Method visited="true" cyclomaticComplexity="1" nPathComplexity="0" sequenceCoverage="100" branchCoverage="100" crapScore="1" isConstructor="false" isStatic="false" isGetter="true" isSetter="false">
              <Summary numSequencePoints="1" visitedSequencePoints="1" numBranchPoints="1" visitedBranchPoints="1" sequenceCoverage="100" branchCoverage="100" maxCyclomaticComplexity="1" minCyclomaticComplexity="1" maxCrapScore="1" minCrapScore="1" visitedClasses="0" numClasses="0" visitedMethods="1" numMethods="1" />
              <MetadataToken>100663299</MetadataToken>
              <Name>System.Boolean LibAoE2net.TestHttpClient::get_ForceHttpRequestException()</Name>
              <FileRef uid="2" />
              <SequencePoints>
                <SequencePoint vc="66" uspid="4" ordinal="0" offset="0" sl="17" sc="49" el="17" ec="53" bec="0" bev="0" fileid="2" />
              </SequencePoints>
              <BranchPoints />
              <MethodPoint xsi:type="SequencePoint" vc="66" uspid="4" ordinal="0" offset="0" sl="17" sc="49" el="17" ec="53" bec="0" bev="0" fileid="2" />
            </Method>
            <Method visited="true" cyclomaticComplexity="1" nPathComplexity="0" sequenceCoverage="100" branchCoverage="100" crapScore="1" isConstructor="false" isStatic="false" isGetter="false" isSetter="true">
              <Summary numSequencePoints="1" visitedSequencePoints="1" numBranchPoints="1" visitedBranchPoints="1" sequenceCoverage="100" branchCoverage="100" maxCyclomaticComplexity="1" minCyclomaticComplexity="1" maxCrapScore="1" minCrapScore="1" visitedClasses="0" numClasses="0" visitedMethods="1" numMethods="1" />
              <MetadataToken>100663300</MetadataToken>
              <Name>System.Void LibAoE2net.TestHttpClient::set_ForceHttpRequestException(System.Boolean)</Name>
              <FileRef uid="2" />
              <SequencePoints>
                <SequencePoint vc="2" uspid="5" ordinal="0" offset="0" sl="17" sc="54" el="17" ec="58" bec="0" bev="0" fileid="2" />
              </SequencePoints>
              <BranchPoints />
              <MethodPoint xsi:type="SequencePoint" vc="2" uspid="5" ordinal="0" offset="0" sl="17" sc="54" el="17" ec="58" bec="0" bev="0" fileid="2" />
            </Method>
            <Method visited="true" cyclomaticComplexity="1" nPathComplexity="0" sequenceCoverage="100" branchCoverage="100" crapScore="1" isConstructor="false" isStatic="false" isGetter="true" isSetter="false">
              <Summary numSequencePoints="1" visitedSequencePoints="1" numBranchPoints="1" visitedBranchPoints="1" sequenceCoverage="100" branchCoverage="100" maxCyclomaticComplexity="1" minCyclomaticComplexity="1" maxCrapScore="1" minCrapScore="1" visitedClasses="0" numClasses="0" visitedMethods="1" numMethods="1" />
              <MetadataToken>100663301</MetadataToken>
              <Name>System.Boolean LibAoE2net.TestHttpClient::get_ForceTaskCanceledException()</Name>
              <FileRef uid="2" />
              <SequencePoints>
                <SequencePoint vc="64" uspid="6" ordinal="0" offset="0" sl="18" sc="50" el="18" ec="54" bec="0" bev="0" fileid="2" />
              </SequencePoints>
              <BranchPoints />
              <MethodPoint xsi:type="SequencePoint" vc="64" uspid="6" ordinal="0" offset="0" sl="18" sc="50" el="18" ec="54" bec="0" bev="0" fileid="2" />
            </Method>
            <Method visited="true" cyclomaticComplexity="1" nPathComplexity="0" sequenceCoverage="100" branchCoverage="100" crapScore="1" isConstructor="false" isStatic="false" isGetter="false" isSetter="true">
              <Summary numSequencePoints="1" visitedSequencePoints="1" numBranchPoints="1" visitedBranchPoints="1" sequenceCoverage="100" branchCoverage="100" maxCyclomaticComplexity="1" minCyclomaticComplexity="1" maxCrapScore="1" minCrapScore="1" visitedClasses="0" numClasses="0" visitedMethods="1" numMethods="1" />
              <MetadataToken>100663302</MetadataToken>
              <Name>System.Void LibAoE2net.TestHttpClient::set_ForceTaskCanceledException(System.Boolean)</Name>
              <FileRef uid="2" />
              <SequencePoints>
                <SequencePoint vc="1" uspid="7" ordinal="0" offset="0" sl="18" sc="55" el="18" ec="59" bec="0" bev="0" fileid="2" />
              </SequencePoints>
              <BranchPoints />
              <MethodPoint xsi:type="SequencePoint" vc="1" uspid="7" ordinal="0" offset="0" sl="18" sc="55" el="18" ec="59" bec="0" bev="0" fileid="2" />
            </Method>
            <Method visited="true" cyclomaticComplexity="8" nPathComplexity="128" sequenceCoverage="82.35" branchCoverage="80" crapScore="8.35" isConstructor="false" isStatic="false" isGetter="false" isSetter="false">
              <Summary numSequencePoints="17" visitedSequencePoints="14" numBranchPoints="15" visitedBranchPoints="12" sequenceCoverage="82.35" branchCoverage="80" maxCyclomaticComplexity="8" minCyclomaticComplexity="8" maxCrapScore="8.35" minCrapScore="8.35" visitedClasses="0" numClasses="0" visitedMethods="1" numMethods="1" />
              <MetadataToken>100663303</MetadataToken>
              <Name>System.Threading.Tasks.Task`1&lt;System.String&gt; LibAoE2net.TestHttpClient::GetStringAsync(System.String)</Name>
              <FileRef uid="2" />
              <SequencePoints>
                <SequencePoint vc="66" uspid="8" ordinal="0" offset="0" sl="27" sc="9" el="27" ec="10" bec="0" bev="0" fileid="2" />
                <SequencePoint vc="66" uspid="9" ordinal="1" offset="1" sl="28" sc="13" el="28" ec="43" bec="2" bev="2" fileid="2" />
                <SequencePoint vc="2" uspid="10" ordinal="2" offset="11" sl="28" sc="44" el="28" ec="45" bec="0" bev="0" fileid="2" />
                <SequencePoint vc="2" uspid="11" ordinal="3" offset="12" sl="29" sc="17" el="29" ec="79" bec="0" bev="0" fileid="2" />
                <SequencePoint vc="64" uspid="12" ordinal="4" offset="23" sl="32" sc="13" el="32" ec="44" bec="2" bev="2" fileid="2" />
                <SequencePoint vc="1" uspid="13" ordinal="5" offset="33" sl="32" sc="45" el="32" ec="46" bec="0" bev="0" fileid="2" />
                <SequencePoint vc="1" uspid="14" ordinal="6" offset="34" sl="33" sc="17" el="33" ec="81" bec="0" bev="0" fileid="2" />
                <SequencePoint vc="63" uspid="15" ordinal="7" offset="45" sl="36" sc="13" el="36" ec="80" bec="0" bev="0" fileid="2" />
                <SequencePoint vc="63" uspid="16" ordinal="8" offset="61" sl="37" sc="13" el="42" ec="15" bec="2" bev="1" fileid="2" />
                <SequencePoint vc="0" uspid="17" ordinal="9" offset="64" sl="37" sc="35" el="42" ec="14" bec="6" bev="5" fileid="2" />
                <SequencePoint vc="6" uspid="18" ordinal="10" offset="106" sl="38" sc="39" el="38" ec="75" bec="0" bev="0" fileid="2" />
                <SequencePoint vc="34" uspid="19" ordinal="11" offset="116" sl="39" sc="43" el="39" ec="83" bec="0" bev="0" fileid="2" />
                <SequencePoint vc="23" uspid="20" ordinal="12" offset="126" sl="40" sc="30" el="40" ec="58" bec="0" bev="0" fileid="2" />
                <SequencePoint vc="0" uspid="21" ordinal="13" offset="136" sl="41" sc="22" el="41" ec="26" bec="2" bev="1" fileid="2" />
                <SequencePoint vc="0" uspid="22" ordinal="14" offset="144" sl="37" sc="13" el="42" ec="15" bec="0" bev="0" fileid="2" />
                <SequencePoint vc="63" uspid="23" ordinal="15" offset="148" sl="44" sc="13" el="44" ec="24" bec="0" bev="0" fileid="2" />
                <SequencePoint vc="63" uspid="24" ordinal="16" offset="153" sl="45" sc="9" el="45" ec="10" bec="0" bev="0" fileid="2" />
              </SequencePoints>
              <BranchPoints>
                <BranchPoint vc="2" uspid="25" ordinal="0" offset="9" sl="28" path="0" offsetend="11" fileid="2" />
                <BranchPoint vc="64" uspid="26" ordinal="1" offset="9" sl="28" path="1" offsetend="23" fileid="2" />
                <BranchPoint vc="1" uspid="27" ordinal="2" offset="31" sl="32" path="0" offsetend="33" fileid="2" />
                <BranchPoint vc="63" uspid="28" ordinal="3" offset="31" sl="32" path="1" offsetend="45" fileid="2" />
                <BranchPoint vc="0" uspid="29" ordinal="4" offset="62" sl="37" path="0" offsetend="64" fileid="2" />
                <BranchPoint vc="63" uspid="30" ordinal="5" offset="62" sl="37" path="1" offsetend="65" fileid="2" />
                <BranchPoint vc="57" uspid="31" ordinal="6" offset="76" sl="37" path="0" offsetend="78" fileid="2" />
                <BranchPoint vc="6" uspid="32" ordinal="7" offset="76" sl="37" path="1" offsetend="106" fileid="2" />
                <BranchPoint vc="23" uspid="33" ordinal="8" offset="89" sl="37" path="0" offsetend="91" fileid="2" />
                <BranchPoint vc="34" uspid="34" ordinal="9" offset="89" sl="37" path="1" offsetend="116" fileid="2" />
                <BranchPoint vc="0" uspid="35" ordinal="10" offset="102" sl="37" path="0" offsetchain="104" offsetend="136" fileid="2" />
                <BranchPoint vc="23" uspid="36" ordinal="11" offset="102" sl="37" path="1" offsetend="126" fileid="2" />
                <BranchPoint vc="0" uspid="37" ordinal="12" offset="142" sl="41" path="0" offsetend="144" fileid="2" />
                <BranchPoint vc="63" uspid="38" ordinal="13" offset="142" sl="41" path="1" offsetend="145" fileid="2" />
              </BranchPoints>
              <MethodPoint xsi:type="SequencePoint" vc="66" uspid="8" ordinal="0" offset="0" sl="27" sc="9" el="27" ec="10" bec="0" bev="0" fileid="2" />
            </Method>
            <Method visited="true" cyclomaticComplexity="1" nPathComplexity="0" sequenceCoverage="100" branchCoverage="100" crapScore="1" isConstructor="false" isStatic="true" isGetter="false" isSetter="false">
              <Summary numSequencePoints="6" visitedSequencePoints="6" numBranchPoints="1" visitedBranchPoints="1" sequenceCoverage="100" branchCoverage="100" maxCyclomaticComplexity="1" minCyclomaticComplexity="1" maxCrapScore="1" minCrapScore="1" visitedClasses="0" numClasses="0" visitedMethods="1" numMethods="1" />
              <MetadataToken>100663304</MetadataToken>
              <Name>System.Threading.Tasks.Task`1&lt;System.String&gt; LibAoE2net.TestHttpClient::ReadplayerLastMatchAsync(System.String)</Name>
              <FileRef uid="2" />
              <SequencePoints>
                <SequencePoint vc="6" uspid="39" ordinal="0" offset="0" sl="48" sc="9" el="48" ec="10" bec="0" bev="0" fileid="2" />
                <SequencePoint vc="6" uspid="40" ordinal="1" offset="1" sl="49" sc="13" el="49" ec="56" bec="0" bev="0" fileid="2" />
                <SequencePoint vc="6" uspid="41" ordinal="2" offset="25" sl="50" sc="13" el="50" ec="32" bec="0" bev="0" fileid="2" />
                <SequencePoint vc="6" uspid="42" ordinal="3" offset="29" sl="51" sc="13" el="51" ec="35" bec="0" bev="0" fileid="2" />
                <SequencePoint vc="6" uspid="43" ordinal="4" offset="33" sl="53" sc="13" el="53" ec="97" bec="0" bev="0" fileid="2" />
                <SequencePoint vc="6" uspid="44" ordinal="5" offset="68" sl="54" sc="9" el="54" ec="10" bec="0" bev="0" fileid="2" />
              </SequencePoints>
              <BranchPoints />
              <MethodPoint xsi:type="SequencePoint" vc="6" uspid="39" ordinal="0" offset="0" sl="48" sc="9" el="48" ec="10" bec="0" bev="0" fileid="2" />
            </Method>
            <Method visited="true" cyclomaticComplexity="1" nPathComplexity="0" sequenceCoverage="100" branchCoverage="100" crapScore="1" isConstructor="false" isStatic="true" isGetter="false" isSetter="false">
              <Summary numSequencePoints="8" visitedSequencePoints="8" numBranchPoints="1" visitedBranchPoints="1" sequenceCoverage="100" branchCoverage="100" maxCyclomaticComplexity="1" minCyclomaticComplexity="1" maxCrapScore="1" minCrapScore="1" visitedClasses="0" numClasses="0" visitedMethods="1" numMethods="1" />
              <MetadataToken>100663305</MetadataToken>
              <Name>System.Threading.Tasks.Task`1&lt;System.String&gt; LibAoE2net.TestHttpClient::ReadPlayerRatingHistoryAsync(System.String)</Name>
              <FileRef uid="2" />
              <SequencePoints>
                <SequencePoint vc="34" uspid="45" ordinal="0" offset="0" sl="57" sc="9" el="57" ec="10" bec="0" bev="0" fileid="2" />
                <SequencePoint vc="34" uspid="46" ordinal="1" offset="1" sl="58" sc="13" el="58" ec="56" bec="0" bev="0" fileid="2" />
                <SequencePoint vc="34" uspid="47" ordinal="2" offset="25" sl="59" sc="13" el="59" ec="32" bec="0" bev="0" fileid="2" />
                <SequencePoint vc="34" uspid="48" ordinal="3" offset="29" sl="60" sc="13" el="60" ec="67" bec="0" bev="0" fileid="2" />
                <SequencePoint vc="34" uspid="49" ordinal="4" offset="38" sl="61" sc="13" el="61" ec="35" bec="0" bev="0" fileid="2" />
                <SequencePoint vc="34" uspid="50" ordinal="5" offset="42" sl="62" sc="13" el="62" ec="33" bec="0" bev="0" fileid="2" />
                <SequencePoint vc="34" uspid="51" ordinal="6" offset="47" sl="64" sc="13" el="64" ec="123" bec="0" bev="0" fileid="2" />
                <SequencePoint vc="34" uspid="52" ordinal="7" offset="112" sl="65" sc="9" el="65" ec="10" bec="0" bev="0" fileid="2" />
              </SequencePoints>
              <BranchPoints />
              <MethodPoint xsi:type="SequencePoint" vc="34" uspid="45" ordinal="0" offset="0" sl="57" sc="9" el="57" ec="10" bec="0" bev="0" fileid="2" />
            </Method>
            <Method visited="true" cyclomaticComplexity="1" nPathComplexity="0" sequenceCoverage="100" branchCoverage="100" crapScore="1" isConstructor="false" isStatic="true" isGetter="false" isSetter="false">
              <Summary numSequencePoints="6" visitedSequencePoints="6" numBranchPoints="1" visitedBranchPoints="1" sequenceCoverage="100" branchCoverage="100" maxCyclomaticComplexity="1" minCyclomaticComplexity="1" maxCrapScore="1" minCrapScore="1" visitedClasses="0" numClasses="0" visitedMethods="1" numMethods="1" />
              <MetadataToken>100663306</MetadataToken>
              <Name>System.Threading.Tasks.Task`1&lt;System.String&gt; LibAoE2net.TestHttpClient::ReadStringsAsync(System.String)</Name>
              <FileRef uid="2" />
              <SequencePoints>
                <SequencePoint vc="23" uspid="53" ordinal="0" offset="0" sl="68" sc="9" el="68" ec="10" bec="0" bev="0" fileid="2" />
                <SequencePoint vc="23" uspid="54" ordinal="1" offset="1" sl="69" sc="13" el="69" ec="56" bec="0" bev="0" fileid="2" />
                <SequencePoint vc="23" uspid="55" ordinal="2" offset="25" sl="70" sc="13" el="70" ec="32" bec="0" bev="0" fileid="2" />
                <SequencePoint vc="23" uspid="56" ordinal="3" offset="29" sl="71" sc="13" el="71" ec="36" bec="0" bev="0" fileid="2" />
                <SequencePoint vc="23" uspid="57" ordinal="4" offset="33" sl="73" sc="13" el="73" ec="92" bec="0" bev="0" fileid="2" />
                <SequencePoint vc="23" uspid="58" ordinal="5" offset="94" sl="74" sc="9" el="74" ec="10" bec="0" bev="0" fileid="2" />
              </SequencePoints>
              <BranchPoints />
              <MethodPoint xsi:type="SequencePoint" vc="23" uspid="53" ordinal="0" offset="0" sl="68" sc="9" el="68" ec="10" bec="0" bev="0" fileid="2" />
            </Method>
            <Method visited="false" cyclomaticComplexity="1" nPathComplexity="0" sequenceCoverage="0" branchCoverage="0" crapScore="2" isConstructor="true" isStatic="false" isGetter="false" isSetter="false">
              <Summary numSequencePoints="0" visitedSequencePoints="0" numBranchPoints="0" visitedBranchPoints="0" sequenceCoverage="0" branchCoverage="0" maxCyclomaticComplexity="1" minCyclomaticComplexity="1" maxCrapScore="2" minCrapScore="2" visitedClasses="0" numClasses="0" visitedMethods="0" numMethods="0" />
              <MetadataToken>100663307</MetadataToken>
              <Name>System.Void LibAoE2net.TestHttpClient::.ctor()</Name>
              <SequencePoints />
              <BranchPoints />
              <MethodPoint vc="0" uspid="59" ordinal="0" offset="0" />
            </Method>
          </Methods>
        </Class>
        <Class>
          <Summary numSequencePoints="144" visitedSequencePoints="144" numBranchPoints="14" visitedBranchPoints="13" sequenceCoverage="100" branchCoverage="92.86" maxCyclomaticComplexity="3" minCyclomaticComplexity="1" maxCrapScore="3" minCrapScore="1" visitedClasses="1" numClasses="1" visitedMethods="6" numMethods="6" />
          <FullName>LibAoE2net.Tests.AoE2netTests</FullName>
          <Methods>
            <Method visited="true" cyclomaticComplexity="3" nPathComplexity="4" sequenceCoverage="100" branchCoverage="80" crapScore="3" isConstructor="false" isStatic="false" isGetter="false" isSetter="false">
              <Summary numSequencePoints="72" visitedSequencePoints="72" numBranchPoints="5" visitedBranchPoints="4" sequenceCoverage="100" branchCoverage="80" maxCyclomaticComplexity="3" minCyclomaticComplexity="3" maxCrapScore="3" minCrapScore="3" visitedClasses="0" numClasses="0" visitedMethods="1" numMethods="1" />
              <MetadataToken>100663308</MetadataToken>
              <Name>System.Void LibAoE2net.Tests.AoE2netTests::GetPlayerLastMatchAsyncTest()</Name>
              <FileRef uid="3" />
              <SequencePoints>
                <SequencePoint vc="1" uspid="60" ordinal="0" offset="0" sl="17" sc="9" el="17" ec="10" bec="0" bev="0" fileid="3" />
                <SequencePoint vc="1" uspid="61" ordinal="1" offset="1" sl="19" sc="13" el="116" ec="15" bec="0" bev="0" fileid="3" />
                <SequencePoint vc="1" uspid="62" ordinal="2" offset="1161" sl="118" sc="13" el="118" ec="54" bec="0" bev="0" fileid="3" />
                <SequencePoint vc="1" uspid="63" ordinal="3" offset="1172" sl="121" sc="13" el="123" ec="26" bec="2" bev="1" fileid="3" />
                <SequencePoint vc="1" uspid="64" ordinal="4" offset="1214" sl="127" sc="13" el="127" ec="50" bec="0" bev="0" fileid="3" />
                <SequencePoint vc="1" uspid="65" ordinal="5" offset="1232" sl="128" sc="13" el="128" ec="76" bec="0" bev="0" fileid="3" />
                <SequencePoint vc="1" uspid="66" ordinal="6" offset="1249" sl="129" sc="13" el="129" ec="53" bec="0" bev="0" fileid="3" />
                <SequencePoint vc="1" uspid="67" ordinal="7" offset="1266" sl="130" sc="13" el="130" ec="51" bec="0" bev="0" fileid="3" />
                <SequencePoint vc="1" uspid="68" ordinal="8" offset="1283" sl="132" sc="13" el="132" ec="67" bec="0" bev="0" fileid="3" />
                <SequencePoint vc="1" uspid="69" ordinal="9" offset="1305" sl="133" sc="13" el="133" ec="61" bec="0" bev="0" fileid="3" />
                <SequencePoint vc="1" uspid="70" ordinal="10" offset="1323" sl="134" sc="13" el="134" ec="97" bec="0" bev="0" fileid="3" />
                <SequencePoint vc="1" uspid="71" ordinal="11" offset="1345" sl="135" sc="13" el="135" ec="64" bec="0" bev="0" fileid="3" />
                <SequencePoint vc="1" uspid="72" ordinal="12" offset="1367" sl="136" sc="13" el="136" ec="65" bec="0" bev="0" fileid="3" />
                <SequencePoint vc="1" uspid="73" ordinal="13" offset="1389" sl="137" sc="13" el="137" ec="61" bec="0" bev="0" fileid="3" />
                <SequencePoint vc="1" uspid="74" ordinal="14" offset="1412" sl="138" sc="13" el="138" ec="59" bec="0" bev="0" fileid="3" />
                <SequencePoint vc="1" uspid="75" ordinal="15" offset="1435" sl="139" sc="13" el="139" ec="67" bec="0" bev="0" fileid="3" />
                <SequencePoint vc="1" uspid="76" ordinal="16" offset="1461" sl="140" sc="13" el="140" ec="61" bec="0" bev="0" fileid="3" />
                <SequencePoint vc="1" uspid="77" ordinal="17" offset="1484" sl="141" sc="13" el="141" ec="67" bec="0" bev="0" fileid="3" />
                <SequencePoint vc="1" uspid="78" ordinal="18" offset="1507" sl="142" sc="13" el="142" ec="60" bec="0" bev="0" fileid="3" />
                <SequencePoint vc="1" uspid="79" ordinal="19" offset="1530" sl="143" sc="13" el="143" ec="63" bec="0" bev="0" fileid="3" />
                <SequencePoint vc="1" uspid="80" ordinal="20" offset="1548" sl="144" sc="13" el="144" ec="59" bec="0" bev="0" fileid="3" />
                <SequencePoint vc="1" uspid="81" ordinal="21" offset="1571" sl="145" sc="13" el="145" ec="70" bec="0" bev="0" fileid="3" />
                <SequencePoint vc="1" uspid="82" ordinal="22" offset="1589" sl="146" sc="13" el="146" ec="65" bec="0" bev="0" fileid="3" />
                <SequencePoint vc="1" uspid="83" ordinal="23" offset="1612" sl="147" sc="13" el="147" ec="63" bec="0" bev="0" fileid="3" />
                <SequencePoint vc="1" uspid="84" ordinal="24" offset="1635" sl="148" sc="13" el="148" ec="63" bec="0" bev="0" fileid="3" />
                <SequencePoint vc="1" uspid="85" ordinal="25" offset="1658" sl="149" sc="13" el="149" ec="58" bec="0" bev="0" fileid="3" />
                <SequencePoint vc="1" uspid="86" ordinal="26" offset="1681" sl="150" sc="13" el="150" ec="59" bec="0" bev="0" fileid="3" />
                <SequencePoint vc="1" uspid="87" ordinal="27" offset="1705" sl="151" sc="13" el="151" ec="56" bec="0" bev="0" fileid="3" />
                <SequencePoint vc="1" uspid="88" ordinal="28" offset="1732" sl="152" sc="13" el="152" ec="60" bec="0" bev="0" fileid="3" />
                <SequencePoint vc="1" uspid="89" ordinal="29" offset="1755" sl="153" sc="13" el="153" ec="90" bec="0" bev="0" fileid="3" />
                <SequencePoint vc="1" uspid="90" ordinal="30" offset="1778" sl="154" sc="13" el="154" ec="61" bec="0" bev="0" fileid="3" />
                <SequencePoint vc="1" uspid="91" ordinal="31" offset="1801" sl="155" sc="13" el="155" ec="60" bec="0" bev="0" fileid="3" />
                <SequencePoint vc="1" uspid="92" ordinal="32" offset="1824" sl="156" sc="13" el="156" ec="57" bec="0" bev="0" fileid="3" />
                <SequencePoint vc="1" uspid="93" ordinal="33" offset="1842" sl="157" sc="13" el="157" ec="62" bec="0" bev="0" fileid="3" />
                <SequencePoint vc="1" uspid="94" ordinal="34" offset="1860" sl="158" sc="13" el="158" ec="68" bec="0" bev="0" fileid="3" />
                <SequencePoint vc="1" uspid="95" ordinal="35" offset="1882" sl="159" sc="13" el="159" ec="72" bec="0" bev="0" fileid="3" />
                <SequencePoint vc="1" uspid="96" ordinal="36" offset="1905" sl="160" sc="13" el="160" ec="56" bec="0" bev="0" fileid="3" />
                <SequencePoint vc="1" uspid="97" ordinal="37" offset="1928" sl="161" sc="13" el="161" ec="62" bec="0" bev="0" fileid="3" />
                <SequencePoint vc="1" uspid="98" ordinal="38" offset="1951" sl="162" sc="13" el="162" ec="66" bec="0" bev="0" fileid="3" />
                <SequencePoint vc="1" uspid="99" ordinal="39" offset="1974" sl="163" sc="13" el="163" ec="67" bec="0" bev="0" fileid="3" />
                <SequencePoint vc="1" uspid="100" ordinal="40" offset="1997" sl="164" sc="13" el="164" ec="63" bec="0" bev="0" fileid="3" />
                <SequencePoint vc="1" uspid="101" ordinal="41" offset="2021" sl="165" sc="13" el="165" ec="60" bec="0" bev="0" fileid="3" />
                <SequencePoint vc="1" uspid="102" ordinal="42" offset="2044" sl="166" sc="13" el="166" ec="58" bec="0" bev="0" fileid="3" />
[...]
                <SequencePoint vc="1" uspid="2093" ordinal="5" offset="43" sl="21" sc="9" el="21" ec="10" bec="0" bev="0" fileid="111" />
              </SequencePoints>
              <BranchPoints />
              <MethodPoint xsi:type="SequencePoint" vc="1" uspid="2088" ordinal="0" offset="0" sl="26" sc="54" el="26" ec="60" bec="0" bev="0" fileid="111" />
            </Method>
          </Methods>
        </Class>
        <Class>
          <Summary numSequencePoints="5" visitedSequencePoints="5" numBranchPoints="3" visitedBranchPoints="3" sequenceCoverage="100" branchCoverage="100" maxCyclomaticComplexity="1" minCyclomaticComplexity="1" maxCrapScore="2" minCrapScore="1" visitedClasses="1" numClasses="1" visitedMethods="3" numMethods="3" />
          <FullName>AoE2NetDesktop.From.FormControler</FullName>
          <Methods>
            <Method visited="true" cyclomaticComplexity="1" nPathComplexity="0" sequenceCoverage="100" branchCoverage="100" crapScore="1" isConstructor="false" isStatic="false" isGetter="true" isSetter="false">
              <Summary numSequencePoints="1" visitedSequencePoints="1" numBranchPoints="1" visitedBranchPoints="1" sequenceCoverage="100" branchCoverage="100" maxCyclomaticComplexity="1" minCyclomaticComplexity="1" maxCrapScore="1" minCrapScore="1" visitedClasses="0" numClasses="0" visitedMethods="1" numMethods="1" />
              <MetadataToken>100663545</MetadataToken>
              <Name>System.Threading.Tasks.TaskScheduler AoE2NetDesktop.From.FormControler::get_Scheduler()</Name>
              <FileRef uid="112" />
              <SequencePoints>
                <SequencePoint vc="2" uspid="2094" ordinal="0" offset="0" sl="15" sc="42" el="15" ec="46" bec="0" bev="0" fileid="112" />
              </SequencePoints>
              <BranchPoints />
              <MethodPoint xsi:type="SequencePoint" vc="2" uspid="2094" ordinal="0" offset="0" sl="15" sc="42" el="15" ec="46" bec="0" bev="0" fileid="112" />
            </Method>
            <Method visited="true" cyclomaticComplexity="1" nPathComplexity="0" sequenceCoverage="100" branchCoverage="100" crapScore="1" isConstructor="false" isStatic="false" isGetter="false" isSetter="true">
              <Summary numSequencePoints="1" visitedSequencePoints="1" numBranchPoints="1" visitedBranchPoints="1" sequenceCoverage="100" branchCoverage="100" maxCyclomaticComplexity="1" minCyclomaticComplexity="1" maxCrapScore="1" minCrapScore="1" visitedClasses="0" numClasses="0" visitedMethods="1" numMethods="1" />
              <MetadataToken>100663546</MetadataToken>
              <Name>System.Void AoE2NetDesktop.From.FormControler::set_Scheduler(System.Threading.Tasks.TaskScheduler)</Name>
              <FileRef uid="112" />
              <SequencePoints>
                <SequencePoint vc="2" uspid="2095" ordinal="0" offset="0" sl="15" sc="47" el="15" ec="51" bec="0" bev="0" fileid="112" />
              </SequencePoints>
              <BranchPoints />
              <MethodPoint xsi:type="SequencePoint" vc="2" uspid="2095" ordinal="0" offset="0" sl="15" sc="47" el="15" ec="51" bec="0" bev="0" fileid="112" />
            </Method>
            <Method visited="true" cyclomaticComplexity="1" nPathComplexity="0" sequenceCoverage="100" branchCoverage="100" crapScore="1" isConstructor="false" isStatic="false" isGetter="false" isSetter="false">
              <Summary numSequencePoints="3" visitedSequencePoints="3" numBranchPoints="1" visitedBranchPoints="1" sequenceCoverage="100" branchCoverage="100" maxCyclomaticComplexity="1" minCyclomaticComplexity="1" maxCrapScore="1" minCrapScore="1" visitedClasses="0" numClasses="0" visitedMethods="1" numMethods="1" />
              <MetadataToken>100663547</MetadataToken>
              <Name>System.Void AoE2NetDesktop.From.FormControler::Invoke(System.Func`1&lt;System.Threading.Tasks.Task&gt;)</Name>
              <FileRef uid="112" />
              <SequencePoints>
                <SequencePoint vc="2" uspid="2096" ordinal="0" offset="0" sl="22" sc="9" el="22" ec="10" bec="0" bev="0" fileid="112" />
                <SequencePoint vc="2" uspid="2097" ordinal="1" offset="1" sl="23" sc="13" el="27" ec="28" bec="0" bev="0" fileid="112" />
                <SequencePoint vc="2" uspid="2098" ordinal="2" offset="25" sl="28" sc="9" el="28" ec="10" bec="0" bev="0" fileid="112" />
              </SequencePoints>
              <BranchPoints />
              <MethodPoint xsi:type="SequencePoint" vc="2" uspid="2096" ordinal="0" offset="0" sl="22" sc="9" el="22" ec="10" bec="0" bev="0" fileid="112" />
            </Method>
            <Method visited="false" cyclomaticComplexity="1" nPathComplexity="0" sequenceCoverage="0" branchCoverage="0" crapScore="2" isConstructor="true" isStatic="false" isGetter="false" isSetter="false">
              <Summary numSequencePoints="0" visitedSequencePoints="0" numBranchPoints="0" visitedBranchPoints="0" sequenceCoverage="0" branchCoverage="0" maxCyclomaticComplexity="1" minCyclomaticComplexity="1" maxCrapScore="2" minCrapScore="2" visitedClasses="0" numClasses="0" visitedMethods="0" numMethods="0" />
              <MetadataToken>100663548</MetadataToken>
              <Name>System.Void AoE2NetDesktop.From.FormControler::.ctor()</Name>
              <SequencePoints />
              <BranchPoints />
              <MethodPoint vc="0" uspid="2099" ordinal="0" offset="0" />
            </Method>
          </Methods>
        </Class>
      </Classes>
    </Module>
    <Module skippedDueTo="Filter" hash="E3-0A-54-E7-E7-03-77-0E-31-F9-EA-1E-FA-ED-97-83-E1-74-10-22">
      <ModulePath>C:\Program Files\dotnet\shared\Microsoft.NETCore.App\5.0.4\System.Net.Http.dll</ModulePath>
      <ModuleTime>2021-02-16T13:27:34Z</ModuleTime>
      <ModuleName>System.Net.Http</ModuleName>
      <Classes />
    </Module>
    <Module skippedDueTo="Filter" hash="02-CD-8B-6C-07-23-0A-31-EF-2B-DA-CD-E0-2E-56-C1-29-04-F9-9A">
      <ModulePath>C:\Program Files\dotnet\shared\Microsoft.WindowsDesktop.App\5.0.4\System.Windows.Forms.dll</ModulePath>
      <ModuleTime>2021-02-17T15:03:32Z</ModuleTime>
      <ModuleName>System.Windows.Forms</ModuleName>
      <Classes />
    </Module>
    <Module skippedDueTo="Filter" hash="16-DA-82-81-E9-12-88-15-E1-5C-6F-A3-1C-0B-33-EF-68-15-39-0E">
      <ModulePath>C:\Program Files\dotnet\shared\Microsoft.WindowsDesktop.App\5.0.4\System.Windows.Forms.Primitives.dll</ModulePath>
      <ModuleTime>2021-02-17T15:03:32Z</ModuleTime>
      <ModuleName>System.Windows.Forms.Primitives</ModuleName>
      <Classes />
    </Module>
    <Module skippedDueTo="Filter" hash="F1-45-9B-A7-64-A8-5A-F0-DA-DA-99-05-73-4C-C6-7E-CD-94-BC-C5">
      <ModulePath>C:\Program Files\dotnet\shared\Microsoft.NETCore.App\5.0.4\System.Drawing.Primitives.dll</ModulePath>
      <ModuleTime>2021-02-16T13:25:12Z</ModuleTime>
      <ModuleName>System.Drawing.Primitives</ModuleName>
      <Classes />
    </Module>
    <Module skippedDueTo="Filter" hash="49-37-EF-6C-27-65-A0-E7-0A-34-4C-7D-A9-D9-4B-2E-54-70-F6-6F">
      <ModulePath>C:\Program Files\dotnet\shared\Microsoft.NETCore.App\5.0.4\System.Threading.Tasks.dll</ModulePath>
      <ModuleTime>2021-02-16T13:25:20Z</ModuleTime>
      <ModuleName>System.Threading.Tasks</ModuleName>
      <Classes />
    </Module>
    <Module skippedDueTo="MissingPdb" hash="89-D4-84-CC-1C-8D-55-9A-CF-1C-9D-34-9A-FA-BD-64-FD-5A-C1-EB">
      <ModulePath>D:\VisualStudio2019\github\AoE2.netDesktop\AoE2.netDesktopTests\bin\Debug\net5.0-windows\Microsoft.TestPlatform.AdapterUtilities.dll</ModulePath>
      <ModuleTime>2021-02-23T02:49:58Z</ModuleTime>
      <ModuleName>Microsoft.TestPlatform.AdapterUtilities</ModuleName>
      <Classes />
    </Module>
    <Module skippedDueTo="Filter" hash="44-ED-EB-DF-88-0E-EC-A8-AC-94-1F-EE-1E-B4-12-C6-72-AD-6E-7F">
      <ModulePath>C:\Program Files\dotnet\shared\Microsoft.NETCore.App\5.0.4\System.IO.FileSystem.Primitives.dll</ModulePath>
      <ModuleTime>2021-02-16T13:25:36Z</ModuleTime>
      <ModuleName>System.IO.FileSystem.Primitives</ModuleName>
      <Classes />
    </Module>
    <Module skippedDueTo="MissingPdb" hash="E2-F5-53-B4-DF-DA-EF-65-1F-EF-E5-F1-66-EE-A9-FD-87-72-93-E1">
      <ModulePath>D:\VisualStudio2019\github\AoE2.netDesktop\AoE2.netDesktopTests\bin\Debug\net5.0-windows\Microsoft.VisualStudio.TestPlatform.TestFramework.Extensions.dll</ModulePath>
      <ModuleTime>2021-03-16T04:17:32Z</ModuleTime>
      <ModuleName>Microsoft.VisualStudio.TestPlatform.TestFramework.Extensions</ModuleName>
      <Classes />
    </Module>
    <Module skippedDueTo="Filter" hash="9E-01-5A-E5-A3-A8-A2-5E-97-16-89-62-54-0D-C9-6B-CC-65-12-03">
      <ModulePath>C:\Program Files\dotnet\shared\Microsoft.NETCore.App\5.0.4\System.ComponentModel.TypeConverter.dll</ModulePath>
      <ModuleTime>2021-02-16T13:25:08Z</ModuleTime>
      <ModuleName>System.ComponentModel.TypeConverter</ModuleName>
      <Classes />
    </Module>
    <Module skippedDueTo="Filter" hash="38-0A-47-60-75-77-C4-A7-F8-B9-DD-96-E8-F4-A4-E0-09-07-6F-B6">
      <ModulePath>C:\Program Files\dotnet\shared\Microsoft.NETCore.App\5.0.4\System.Collections.Concurrent.dll</ModulePath>
      <ModuleTime>2021-02-16T13:25:36Z</ModuleTime>
      <ModuleName>System.Collections.Concurrent</ModuleName>
      <Classes />
    </Module>
    <Module skippedDueTo="Filter" hash="24-C3-D8-25-E0-85-18-E6-6E-76-6A-61-92-3A-E3-27-F0-B3-0E-A8">
      <ModulePath>C:\Program Files\dotnet\shared\Microsoft.NETCore.App\5.0.4\System.Diagnostics.TextWriterTraceListener.dll</ModulePath>
      <ModuleTime>2021-02-16T13:27:54Z</ModuleTime>
      <ModuleName>System.Diagnostics.TextWriterTraceListener</ModuleName>
      <Classes />
    </Module>
    <Module skippedDueTo="Filter" hash="20-03-3C-8A-EA-63-85-59-6F-C3-C4-F6-3A-7E-9F-7F-72-F8-3E-CD">
      <ModulePath>C:\Program Files\dotnet\shared\Microsoft.NETCore.App\5.0.4\System.Console.dll</ModulePath>
      <ModuleTime>2021-02-16T13:25:08Z</ModuleTime>
      <ModuleName>System.Console</ModuleName>
      <Classes />
    </Module>
    <Module skippedDueTo="Filter" hash="94-9B-03-62-E7-07-FE-C3-4C-FE-22-B9-4D-E1-9E-ED-E5-E3-4B-4E">
      <ModulePath>C:\Program Files\dotnet\shared\Microsoft.NETCore.App\5.0.4\System.Net.Security.dll</ModulePath>
      <ModuleTime>2021-02-16T13:25:16Z</ModuleTime>
      <ModuleName>System.Net.Security</ModuleName>
      <Classes />
    </Module>
    <Module skippedDueTo="Filter" hash="68-B6-36-E8-59-14-70-D0-85-AB-89-3F-52-D6-A4-CA-C6-14-2C-A9">
      <ModulePath>C:\Program Files\dotnet\shared\Microsoft.NETCore.App\5.0.4\System.Diagnostics.DiagnosticSource.dll</ModulePath>
      <ModuleTime>2021-02-16T13:25:58Z</ModuleTime>
      <ModuleName>System.Diagnostics.DiagnosticSource</ModuleName>
      <Classes />
    </Module>
    <Module skippedDueTo="Filter" hash="A5-38-A7-05-27-DD-D4-AE-65-64-5D-41-E1-A5-9E-66-95-A0-92-D7">
      <ModulePath>C:\Program Files\dotnet\shared\Microsoft.NETCore.App\5.0.4\System.Security.Cryptography.X509Certificates.dll</ModulePath>
      <ModuleTime>2021-02-16T13:25:16Z</ModuleTime>
      <ModuleName>System.Security.Cryptography.X509Certificates</ModuleName>
      <Classes />
    </Module>
    <Module skippedDueTo="Filter" hash="1F-37-6E-BE-2B-46-C4-DA-A4-3A-CA-78-64-3D-40-5F-68-2A-34-B6">
      <ModulePath>C:\Program Files\dotnet\shared\Microsoft.NETCore.App\5.0.4\System.Security.Cryptography.Primitives.dll</ModulePath>
      <ModuleTime>2021-02-16T13:25:16Z</ModuleTime>
      <ModuleName>System.Security.Cryptography.Primitives</ModuleName>
      <Classes />
    </Module>
    <Module skippedDueTo="Filter" hash="D7-EA-6E-FC-BA-76-C5-C4-A2-1B-09-E3-33-39-DA-AB-38-07-B3-A3">
      <ModulePath>C:\Program Files\dotnet\shared\Microsoft.NETCore.App\5.0.4\System.Runtime.Serialization.Json.dll</ModulePath>
      <ModuleTime>2021-02-16T13:26:24Z</ModuleTime>
      <ModuleName>System.Runtime.Serialization.Json</ModuleName>
      <Classes />
    </Module>
    <Module skippedDueTo="Filter" hash="00-05-EB-19-17-06-C2-63-F4-73-24-5F-49-A5-C6-C1-5F-E4-BF-A0">
      <ModulePath>C:\Program Files\dotnet\shared\Microsoft.NETCore.App\5.0.4\System.Private.DataContractSerialization.dll</ModulePath>
      <ModuleTime>2021-02-16T13:25:06Z</ModuleTime>
      <ModuleName>System.Private.DataContractSerialization</ModuleName>
      <Classes />
    </Module>
    <Module skippedDueTo="Filter" hash="F6-EE-8B-2C-5E-C4-86-B9-E6-B3-4F-48-FE-B9-29-0A-F9-52-EC-99">
      <ModulePath>C:\Program Files\dotnet\shared\Microsoft.NETCore.App\5.0.4\System.Runtime.Serialization.Xml.dll</ModulePath>
      <ModuleTime>2021-02-16T13:25:14Z</ModuleTime>
      <ModuleName>System.Runtime.Serialization.Xml</ModuleName>
      <Classes />
    </Module>
    <Module skippedDueTo="Filter" hash="18-D4-04-87-A8-89-70-21-0F-43-E9-61-D8-1D-47-3F-B4-3F-FF-1A">
      <ModulePath>C:\Program Files\dotnet\shared\Microsoft.NETCore.App\5.0.4\System.Runtime.Serialization.Formatters.dll</ModulePath>
      <ModuleTime>2021-02-16T13:25:14Z</ModuleTime>
      <ModuleName>System.Runtime.Serialization.Formatters</ModuleName>
      <Classes />
    </Module>
    <Module skippedDueTo="Filter" hash="1B-89-7F-EE-FD-CB-8D-05-4B-EB-C1-C5-41-7A-A5-DE-99-9D-D3-9F">
      <ModulePath>C:\Program Files\dotnet\shared\Microsoft.NETCore.App\5.0.4\System.Net.NetworkInformation.dll</ModulePath>
      <ModuleTime>2021-02-16T13:28:16Z</ModuleTime>
      <ModuleName>System.Net.NetworkInformation</ModuleName>
      <Classes />
    </Module>
    <Module skippedDueTo="MissingPdb" hash="80-40-BF-BD-20-3E-0F-4A-3E-B6-3F-77-9F-58-81-24-B9-DF-08-AB">
      <ModulePath>C:\WINDOWS\Microsoft.Net\assembly\GAC_MSIL\SMDiagnostics\v4.0_4.0.0.0__b77a5c561934e089\SMDiagnostics.dll</ModulePath>
      <ModuleTime>2020-08-05T02:39:55.9298663Z</ModuleTime>
      <ModuleName>SMDiagnostics</ModuleName>
      <Classes />
    </Module>
    <Module skippedDueTo="Filter" hash="65-32-21-56-AF-4E-2A-1B-63-AA-5B-0C-6F-33-E5-30-CE-22-79-8B">
      <ModulePath>C:\WINDOWS\Microsoft.Net\assembly\GAC_MSIL\System.ServiceModel.Internals\v4.0_4.0.0.0__31bf3856ad364e35\System.ServiceModel.Internals.dll</ModulePath>
      <ModuleTime>2020-08-05T02:39:55.9298663Z</ModuleTime>
      <ModuleName>System.ServiceModel.Internals</ModuleName>
      <Classes />
    </Module>
    <Module skippedDueTo="Filter" hash="C4-96-6A-00-25-2B-64-E7-8A-5C-BB-37-4B-03-07-C8-F9-AC-DE-9B">
      <ModulePath>C:\Program Files\dotnet\shared\Microsoft.NETCore.App\5.0.4\System.Security.Principal.Windows.dll</ModulePath>
      <ModuleTime>2021-02-16T13:25:18Z</ModuleTime>
      <ModuleName>System.Security.Principal.Windows</ModuleName>
      <Classes />
    </Module>
    <Module skippedDueTo="Filter" hash="F8-FF-CA-59-D6-E3-32-81-42-E9-73-28-77-57-3B-DB-A5-25-7B-7E">
      <ModulePath>C:\Program Files\dotnet\shared\Microsoft.NETCore.App\5.0.4\System.Security.Claims.dll</ModulePath>
      <ModuleTime>2021-02-16T13:25:14Z</ModuleTime>
      <ModuleName>System.Security.Claims</ModuleName>
      <Classes />
    </Module>
    <Module skippedDueTo="Filter" hash="FC-55-2A-AE-24-16-D4-88-58-2D-2E-0D-33-9C-2C-FF-FD-7B-72-4E">
      <ModulePath>C:\Program Files\dotnet\shared\Microsoft.NETCore.App\5.0.4\System.Security.Cryptography.Encoding.dll</ModulePath>
      <ModuleTime>2021-02-16T13:25:16Z</ModuleTime>
      <ModuleName>System.Security.Cryptography.Encoding</ModuleName>
      <Classes />
    </Module>
    <Module skippedDueTo="Filter" hash="BF-D3-FF-CF-05-18-C4-58-2F-4D-91-AB-E5-51-6C-FD-B6-52-CA-A9">
      <ModulePath>C:\Program Files\dotnet\shared\Microsoft.NETCore.App\5.0.4\System.Collections.Specialized.dll</ModulePath>
      <ModuleTime>2021-02-16T13:25:06Z</ModuleTime>
      <ModuleName>System.Collections.Specialized</ModuleName>
      <Classes />
    </Module>
    <Module skippedDueTo="Filter" hash="71-4A-FC-AE-D9-24-52-C0-5F-78-4A-71-65-C6-C0-D0-51-68-FC-86">
      <ModulePath>C:\Program Files\dotnet\shared\Microsoft.WindowsDesktop.App\5.0.4\System.Drawing.Common.dll</ModulePath>
      <ModuleTime>2021-02-17T15:03:28Z</ModuleTime>
      <ModuleName>System.Drawing.Common</ModuleName>
      <Classes />
    </Module>
    <Module skippedDueTo="Filter" hash="47-6C-6E-C9-72-49-6B-DA-2C-CF-97-0E-19-34-A0-98-EE-05-CE-8F">
      <ModulePath>C:\Program Files\dotnet\shared\Microsoft.NETCore.App\5.0.4\System.ComponentModel.EventBasedAsync.dll</ModulePath>
      <ModuleTime>2021-02-16T13:25:04Z</ModuleTime>
      <ModuleName>System.ComponentModel.EventBasedAsync</ModuleName>
      <Classes />
    </Module>
    <Module skippedDueTo="MissingPdb" hash="6E-7F-3E-F2-75-6D-72-E1-7D-B9-C7-A6-A3-44-55-18-16-10-B2-5D">
      <ModulePath>C:\Program Files\dotnet\shared\Microsoft.WindowsDesktop.App\5.0.4\Accessibility.dll</ModulePath>
      <ModuleTime>2021-02-17T15:03:24Z</ModuleTime>
      <ModuleName>Accessibility</ModuleName>
      <Classes />
    </Module>
    <Module skippedDueTo="MissingPdb" hash="E2-F6-E2-B1-4F-8A-DF-4F-88-0D-F4-D6-39-92-38-8A-6A-CD-15-B4">
      <ModulePath>C:\Program Files\dotnet\shared\Microsoft.WindowsDesktop.App\5.0.4\Microsoft.Win32.SystemEvents.dll</ModulePath>
      <ModuleTime>2021-02-17T15:03:22Z</ModuleTime>
      <ModuleName>Microsoft.Win32.SystemEvents</ModuleName>
      <Classes />
    </Module>
    <Module skippedDueTo="Filter" hash="49-96-57-5A-EF-F0-C6-90-04-77-6A-31-66-41-84-10-BA-88-21-87">
      <ModulePath>C:\Program Files\dotnet\shared\Microsoft.NETCore.App\5.0.4\System.ComponentModel.dll</ModulePath>
      <ModuleTime>2021-02-16T13:25:06Z</ModuleTime>
      <ModuleName>System.ComponentModel</ModuleName>
      <Classes />
    </Module>
    <Module skippedDueTo="Filter" hash="76-84-CA-84-A0-8C-38-B7-B7-07-C7-C1-84-64-A7-E0-4C-B0-0C-5D">
      <ModulePath>C:\Program Files\dotnet\shared\Microsoft.WindowsDesktop.App\5.0.4\System.Configuration.ConfigurationManager.dll</ModulePath>
      <ModuleTime>2021-02-17T15:03:26Z</ModuleTime>
      <ModuleName>System.Configuration.ConfigurationManager</ModuleName>
      <Classes />
    </Module>
    <Module skippedDueTo="Filter" hash="21-64-64-94-DF-15-3B-7B-BF-9C-E5-76-44-D1-58-E8-B6-98-6A-E4">
      <ModulePath>C:\Program Files\dotnet\shared\Microsoft.NETCore.App\5.0.4\System.Net.WebClient.dll</ModulePath>
      <ModuleTime>2021-02-16T13:25:06Z</ModuleTime>
      <ModuleName>System.Net.WebClient</ModuleName>
      <Classes />
    </Module>
    <Module skippedDueTo="Filter" hash="A3-2D-B9-7F-51-B2-BA-E0-40-D7-8D-BA-62-EE-6F-FE-68-79-34-8A">
      <ModulePath>C:\Program Files\dotnet\shared\Microsoft.NETCore.App\5.0.4\System.Buffers.dll</ModulePath>
      <ModuleTime>2021-02-16T13:25:04Z</ModuleTime>
      <ModuleName>System.Buffers</ModuleName>
      <Classes />
    </Module>
    <Module skippedDueTo="Filter" hash="FC-66-81-6E-53-3D-C3-93-90-B6-8D-05-89-0D-3E-49-2C-E0-31-45">
      <ModulePath>C:\Program Files\dotnet\shared\Microsoft.NETCore.App\5.0.4\System.Runtime.CompilerServices.Unsafe.dll</ModulePath>
      <ModuleTime>2021-02-16T13:25:10Z</ModuleTime>
      <ModuleName>System.Runtime.CompilerServices.Unsafe</ModuleName>
      <Classes />
    </Module>
    <Module skippedDueTo="Filter" hash="02-97-1D-C1-58-82-C5-67-D6-C5-97-70-2C-71-EA-A4-A7-67-FF-54">
      <ModulePath>C:\Program Files\dotnet\shared\Microsoft.NETCore.App\5.0.4\System.Xml.XmlSerializer.dll</ModulePath>
      <ModuleTime>2021-02-16T13:24:40Z</ModuleTime>
      <ModuleName>System.Xml.XmlSerializer</ModuleName>
      <Classes />
    </Module>
    <Module skippedDueTo="Filter" hash="C9-E2-23-58-05-94-27-78-66-27-A7-5D-FD-D7-6E-71-19-BC-75-DE">
      <ModulePath>C:\WINDOWS\Microsoft.Net\assembly\GAC_MSIL\System.resources\v4.0_4.0.0.0_ja_b77a5c561934e089\System.resources.dll</ModulePath>
      <ModuleTime>2019-12-07T15:10:57.1591868Z</ModuleTime>
      <ModuleName>System.resources</ModuleName>
      <Classes />
    </Module>
  </Modules>
</CoverageSession>